#
# There is insufficient memory for the Java Runtime Environment to continue.
# Native memory allocation (malloc) failed to allocate 1048576 bytes for AllocateHeap
# Possible reasons:
#   The system is out of physical RAM or swap space
#   The process is running with CompressedOops enabled, and the Java Heap may be blocking the growth of the native heap
# Possible solutions:
#   Reduce memory load on the system
#   Increase physical memory or swap space
#   Check if swap backing store is full
#   Decrease Java heap size (-Xmx/-Xms)
#
#  Out of Memory Error
#
# 
 "VM Thread" [stack: 0x000000848e200000,0x000000848e300000] [id=105452]

Stack: [0x000000848e200000,0x000000848e300000]
[error occurred during error reporting (printing stack bounds), id 0xc0000005, EXCEPTION_ACCESS_VIOLATION (0xc0000005) at pc=0x000002730000112d]

Native frames: (J=compiled Java code, j=interpreted, Vv=VM code, C=native code)
V  [jvm.dll+0x5fbcea]
V  [jvm.dll+0x731905]
V  [jvm.dll+0x732f1d]
V  [jvm.dll+0x733535]
V  [jvm.dll+0x7334eb]
V  [jvm.dll+0x5fb080]
V  [jvm.dll+0x5fb818]
C  [ntdll.dll+0xa8b1f]
C  [ntdll.dll+0x35b9a]
C  [ntdll.dll+0xa7b2e]
C  0x000002730000112d

VM_Operation (0x000000848e9fef40): CollectForMetadataAllocation, mode: safepoint, requested by thread 0x0000027316b03000


---------------  P R O C E S S  ---------------

Threads class SMR info:
_java_thread_list=0x000002731ae02960, length=106, elements={
0x000002737bbbb800, 0x000002731614d000, 0x0000027316158800, 0x0000027316af4800,
0x0000027316af5800, 0x0000027316af7000, 0x0000027316afa000, 0x0000027316b03000,
0x0000027316171000, 0x0000027316c56000, 0x0000027318514800, 0x000002731810a800,
0x00000273183c8800, 0x00000273181e7000, 0x0000027317d51800, 0x0000027318480000,
0x0000027318481000, 0x0000027318e7b000, 0x0000027318c0c800, 0x00000273179f5800,
0x00000273179f5000, 0x00000273179f3000, 0x00000273179f4000, 0x0000027319314000,
0x000002731930e800, 0x0000027319315000, 0x0000027319311800, 0x0000027319310000,
0x0000027319313800, 0x0000027319316000, 0x000002731931a000, 0x000002731931a800,
0x000002731931b800, 0x000002731931d000, 0x0000027319317800, 0x0000027319318000,
0x0000027319319000, 0x000002731a894000, 0x000002731a890800, 0x000002731a891800,
0x000002731a897000, 0x000002731a892800, 0x000002731a895000, 0x000002731a895800,
0x000002731a896800, 0x000002731a898000, 0x000002731a899000, 0x000002731a893000,
0x000002731a89d800, 0x000002731a89b800, 0x000002731a899800, 0x000002731a89c000,
0x000002731a89f800, 0x000002731a89a800, 0x000002731a89d000, 0x000002731a89e800,
0x00000273192de800, 0x00000273192dc000, 0x00000273192dd000, 0x00000273192dd800,
0x00000273192df800, 0x00000273192e1000, 0x00000273192e0000, 0x00000273192db000,
0x00000273192e6800, 0x00000273192e3800, 0x00000273192e5000, 0x00000273192e6000,
0x00000273192e4000, 0x00000273192e7800, 0x00000273192e1800, 0x00000273192e2800,
0x00000273192ea000, 0x00000273192e9000, 0x00000273192e8800, 0x000002731a972000,
0x000002731a973800, 0x000002731a974800, 0x000002731a976000, 0x000002731a975800,
0x000002731a977000, 0x000002731a973000, 0x000002731a971800, 0x000002731a979800,
0x000002731a97b000, 0x000002731a97c800, 0x000002731a97c000, 0x000002731a97a000,
0x000002731a978800, 0x000002731a97d800, 0x000002731a978000, 0x000002731a97e800,
0x000002731a97f000, 0x000002731a980000, 0x000002731cc20800, 0x000002731cc23800,
0x000002731cc25000, 0x000002731cc24800, 0x000002731cc22000, 0x000002731cc27000,
0x000002731cc21000, 0x000002731cc26000, 0x000002731cc27800, 0x000002731cc23000,
0x000002731cc29800, 0x000002731cc28800
}

Java Threads: ( => current thread )
  0x000002737bbbb800 JavaThread "main" [_thread_blocked, id=119164, stack(0x000000848dc00000,0x000000848dd00000)]
  0x000002731614d000 JavaThread "Reference Handler" daemon [_thread_blocked, id=88272, stack(0x000000848e300000,0x000000848e400000)]
  0x0000027316158800 JavaThread "Finalizer" daemon [_thread_blocked, id=123672, stack(0x000000848e400000,0x000000848e500000)]
  0x0000027316af4800 JavaThread "Signal Dispatcher" daemon [_thread_blocked, id=117896, stack(0x000000848e500000,0x000000848e600000)]
  0x0000027316af5800 JavaThread "Attach Listener" daemon [_thread_blocked, id=123924, stack(0x000000848e600000,0x000000848e700000)]
  0x0000027316af7000 JavaThread "Service Thread" daemon [_thread_blocked, id=110688, stack(0x000000848e700000,0x000000848e800000)]
  0x0000027316afa000 JavaThread "C2 CompilerThread0" daemon [_thread_blocked, id=49324, stack(0x000000848e800000,0x000000848e900000)]
  0x0000027316b03000 JavaThread "C1 CompilerThread0" daemon [_thread_blocked, id=73808, stack(0x000000848e900000,0x000000848ea00000)]
  0x0000027316171000 JavaThread "Sweeper thread" daemon [_thread_blocked, id=122280, stack(0x000000848ea00000,0x000000848eb00000)]
  0x0000027316c56000 JavaThread "Common-Cleaner" daemon [_thread_blocked, id=124124, stack(0x000000848eb00000,0x000000848ec00000)]
  0x0000027318514800 JavaThread "Daemon health stats" [_thread_blocked, id=119824, stack(0x000000848ef00000,0x000000848f000000)]
  0x000002731810a800 JavaThread "Incoming local TCP Connector on port 65439" [_thread_in_native, id=124120, stack(0x000000848f000000,0x000000848f100000)]
  0x00000273183c8800 JavaThread "Daemon periodic checks" [_thread_blocked, id=88712, stack(0x000000848f100000,0x000000848f200000)]
  0x00000273181e7000 JavaThread "Daemon" [_thread_blocked, id=122144, stack(0x000000848f200000,0x000000848f300000)]
  0x0000027317d51800 JavaThread "Handler for socket connection from /127.0.0.1:65439 to /127.0.0.1:65440" [_thread_in_native, id=118096, stack(0x000000848f300000,0x000000848f400000)]
  0x0000027318480000 JavaThread "Cancel handler" [_thread_blocked, id=106368, stack(0x000000848fa00000,0x000000848fb00000)]
  0x0000027318481000 JavaThread "Daemon worker" [_thread_blocked, id=106620, stack(0x000000848fb00000,0x000000848fc00000)]
  0x0000027318e7b000 JavaThread "Asynchronous log dispatcher for DefaultDaemonConnection: socket connection from /127.0.0.1:65439 to /127.0.0.1:65440" [_thread_blocked, id=119144, stack(0x000000848fc00000,0x000000848fd00000)]
  0x0000027318c0c800 JavaThread "Stdin handler" [_thread_blocked, id=79736, stack(0x000000848fd00000,0x000000848fe00000)]
  0x00000273179f5800 JavaThread "Daemon client event forwarder" [_thread_blocked, id=121328, stack(0x000000848fe00000,0x000000848ff00000)]
  0x00000273179f5000 JavaThread "Cache worker for journal cache (C:\Users\ofici\.gradle\caches\journal-1)" [_thread_blocked, id=117636, stack(0x000000848ff00000,0x0000008490000000)]
  0x00000273179f3000 JavaThread "File lock request listener" [_thread_in_native, id=120104, stack(0x0000008490000000,0x0000008490100000)]
  0x00000273179f4000 JavaThread "Cache worker for file hash cache (C:\Users\ofici\.gradle\caches\7.3.3\fileHashes)" [_thread_blocked, id=90544, stack(0x0000008490100000,0x0000008490200000)]
  0x0000027319314000 JavaThread "Cache worker for file hash cache (C:\Users\ofici\AndroidStudioProjects\MyAppBD\.gradle\7.3.3\fileHashes)" [_thread_blocked, id=121168, stack(0x0000008490300000,0x0000008490400000)]
  0x000002731930e800 JavaThread "File watcher server" daemon [_thread_in_native, id=123752, stack(0x0000008490400000,0x0000008490500000)]
  0x0000027319315000 JavaThread "File watcher consumer" daemon [_thread_blocked, id=124712, stack(0x0000008490500000,0x0000008490600000)]
  0x0000027319311800 JavaThread "Cache worker for checksums cache (C:\Users\ofici\AndroidStudioProjects\MyAppBD\.gradle\7.3.3\checksums)" [_thread_blocked, id=123616, stack(0x0000008490600000,0x0000008490700000)]
  0x0000027319310000 JavaThread "Cache worker for execution history cache (C:\Users\ofici\.gradle\caches\7.3.3\executionHistory)" [_thread_blocked, id=115448, stack(0x0000008490900000,0x0000008490a00000)]
  0x0000027319313800 JavaThread "jar transforms" [_thread_blocked, id=113196, stack(0x0000008490a00000,0x0000008490b00000)]
  0x0000027319316000 JavaThread "Cache worker for file content cache (C:\Users\ofici\.gradle\caches\7.3.3\fileContent)" [_thread_blocked, id=114796, stack(0x0000008490b00000,0x0000008490c00000)]
  0x000002731931a000 JavaThread "jar transforms Thread 2" [_thread_blocked, id=122248, stack(0x0000008490c00000,0x0000008490d00000)]
  0x000002731931a800 JavaThread "Cache worker for dependencies-accessors (C:\Users\ofici\AndroidStudioProjects\MyAppBD\.gradle\7.3.3\dependencies-accessors)" [_thread_blocked, id=123544, stack(0x0000008490d00000,0x0000008490e00000)]
  0x000002731931b800 JavaThread "jar transforms Thread 3" [_thread_blocked, id=10244, stack(0x0000008490e00000,0x0000008490f00000)]
  0x000002731931d000 JavaThread "Unconstrained build operations" [_thread_blocked, id=111068, stack(0x0000008491000000,0x0000008491100000)]
  0x0000027319317800 JavaThread "Unconstrained build operations Thread 2" [_thread_blocked, id=111952, stack(0x0000008491100000,0x0000008491200000)]
  0x0000027319318000 JavaThread "Unconstrained build operations Thread 3" [_thread_blocked, id=123656, stack(0x0000008491200000,0x0000008491300000)]
  0x0000027319319000 JavaThread "Unconstrained build operations Thread 4" [_thread_blocked, id=118908, stack(0x0000008491300000,0x0000008491400000)]
  0x000002731a894000 JavaThread "Unconstrained build operations Thread 5" [_thread_blocked, id=96388, stack(0x0000008491400000,0x0000008491500000)]
  0x000002731a890800 JavaThread "Unconstrained build operations Thread 6" [_thread_blocked, id=118688, stack(0x0000008491500000,0x0000008491600000)]
  0x000002731a891800 JavaThread "Unconstrained build operations Thread 7" [_thread_blocked, id=124916, stack(0x0000008491600000,0x0000008491700000)]
  0x000002731a897000 JavaThread "Unconstrained build operations Thread 8" [_thread_blocked, id=121356, stack(0x0000008491700000,0x0000008491800000)]
  0x000002731a892800 JavaThread "Unconstrained build operations Thread 9" [_thread_blocked, id=122260, stack(0x0000008491800000,0x0000008491900000)]
  0x000002731a895000 JavaThread "Unconstrained build operations Thread 10" [_thread_blocked, id=118576, stack(0x0000008491900000,0x0000008491a00000)]
  0x000002731a895800 JavaThread "Unconstrained build operations Thread 11" [_thread_blocked, id=57380, stack(0x0000008491a00000,0x0000008491b00000)]
  0x000002731a896800 JavaThread "Unconstrained build operations Thread 12" [_thread_blocked, id=117676, stack(0x0000008491b00000,0x0000008491c00000)]
  0x000002731a898000 JavaThread "Unconstrained build operations Thread 13" [_thread_blocked, id=120960, stack(0x0000008491c00000,0x0000008491d00000)]
  0x000002731a899000 JavaThread "Unconstrained build operations Thread 14" [_thread_blocked, id=119716, stack(0x0000008491d00000,0x0000008491e00000)]
  0x000002731a893000 JavaThread "Unconstrained build operations Thread 15" [_thread_blocked, id=48360, stack(0x0000008491e00000,0x0000008491f00000)]
  0x000002731a89d800 JavaThread "Unconstrained build operations Thread 16" [_thread_blocked, id=123360, stack(0x0000008491f00000,0x0000008492000000)]
  0x000002731a89b800 JavaThread "Unconstrained build operations Thread 17" [_thread_blocked, id=115428, stack(0x0000008492000000,0x0000008492100000)]
  0x000002731a899800 JavaThread "Unconstrained build operations Thread 18" [_thread_blocked, id=124084, stack(0x0000008492100000,0x0000008492200000)]
  0x000002731a89c000 JavaThread "Unconstrained build operations Thread 19" [_thread_blocked, id=123780, stack(0x0000008492200000,0x0000008492300000)]
  0x000002731a89f800 JavaThread "Unconstrained build operations Thread 20" [_thread_blocked, id=114568, stack(0x0000008492300000,0x0000008492400000)]
  0x000002731a89a800 JavaThread "Unconstrained build operations Thread 21" [_thread_blocked, id=59740, stack(0x0000008492400000,0x0000008492500000)]
  0x000002731a89d000 JavaThread "Unconstrained build operations Thread 22" [_thread_blocked, id=121020, stack(0x0000008492500000,0x0000008492600000)]
  0x000002731a89e800 JavaThread "Unconstrained build operations Thread 23" [_thread_blocked, id=105516, stack(0x0000008492600000,0x0000008492700000)]
  0x00000273192de800 JavaThread "Unconstrained build operations Thread 24" [_thread_blocked, id=100872, stack(0x0000008492700000,0x0000008492800000)]
  0x00000273192dc000 JavaThread "Unconstrained build operations Thread 25" [_thread_blocked, id=115168, stack(0x0000008492800000,0x0000008492900000)]
  0x00000273192dd000 JavaThread "Unconstrained build operations Thread 26" [_thread_blocked, id=119656, stack(0x0000008492900000,0x0000008492a00000)]
  0x00000273192dd800 JavaThread "Unconstrained build operations Thread 27" [_thread_blocked, id=104404, stack(0x0000008492a00000,0x0000008492b00000)]
  0x00000273192df800 JavaThread "Unconstrained build operations Thread 28" [_thread_blocked, id=120088, stack(0x0000008492b00000,0x0000008492c00000)]
  0x00000273192e1000 JavaThread "Unconstrained build operations Thread 29" [_thread_blocked, id=97452, stack(0x0000008492c00000,0x0000008492d00000)]
  0x00000273192e0000 JavaThread "Unconstrained build operations Thread 30" [_thread_blocked, id=114328, stack(0x0000008492d00000,0x0000008492e00000)]
  0x00000273192db000 JavaThread "Unconstrained build operations Thread 31" [_thread_blocked, id=120780, stack(0x0000008492e00000,0x0000008492f00000)]
  0x00000273192e6800 JavaThread "Unconstrained build operations Thread 32" [_thread_blocked, id=124736, stack(0x0000008492f00000,0x0000008493000000)]
  0x00000273192e3800 JavaThread "Unconstrained build operations Thread 33" [_thread_blocked, id=99784, stack(0x0000008493000000,0x0000008493100000)]
  0x00000273192e5000 JavaThread "Unconstrained build operations Thread 34" [_thread_blocked, id=120168, stack(0x0000008493100000,0x0000008493200000)]
  0x00000273192e6000 JavaThread "Unconstrained build operations Thread 35" [_thread_blocked, id=122256, stack(0x0000008493200000,0x0000008493300000)]
  0x00000273192e4000 JavaThread "Unconstrained build operations Thread 36" [_thread_blocked, id=119632, stack(0x0000008493300000,0x0000008493400000)]
  0x00000273192e7800 JavaThread "Unconstrained build operations Thread 37" [_thread_blocked, id=98384, stack(0x0000008493400000,0x0000008493500000)]
  0x00000273192e1800 JavaThread "Unconstrained build operations Thread 38" [_thread_blocked, id=116856, stack(0x0000008493500000,0x0000008493600000)]
  0x00000273192e2800 JavaThread "Unconstrained build operations Thread 39" [_thread_blocked, id=97708, stack(0x0000008493600000,0x0000008493700000)]
  0x00000273192ea000 JavaThread "Unconstrained build operations Thread 40" [_thread_blocked, id=124372, stack(0x0000008493700000,0x0000008493800000)]
  0x00000273192e9000 JavaThread "Unconstrained build operations Thread 41" [_thread_blocked, id=120864, stack(0x0000008493800000,0x0000008493900000)]
  0x00000273192e8800 JavaThread "Unconstrained build operations Thread 42" [_thread_blocked, id=119224, stack(0x0000008493900000,0x0000008493a00000)]
  0x000002731a972000 JavaThread "Unconstrained build operations Thread 43" [_thread_blocked, id=68656, stack(0x0000008493a00000,0x0000008493b00000)]
  0x000002731a973800 JavaThread "Unconstrained build operations Thread 44" [_thread_blocked, id=120112, stack(0x0000008493b00000,0x0000008493c00000)]
  0x000002731a974800 JavaThread "Unconstrained build operations Thread 45" [_thread_blocked, id=117440, stack(0x0000008493c00000,0x0000008493d00000)]
  0x000002731a976000 JavaThread "Unconstrained build operations Thread 46" [_thread_blocked, id=60884, stack(0x0000008493d00000,0x0000008493e00000)]
  0x000002731a975800 JavaThread "Unconstrained build operations Thread 47" [_thread_blocked, id=123628, stack(0x0000008493e00000,0x0000008493f00000)]
  0x000002731a977000 JavaThread "Unconstrained build operations Thread 48" [_thread_blocked, id=119032, stack(0x0000008493f00000,0x0000008494000000)]
  0x000002731a973000 JavaThread "Unconstrained build operations Thread 49" [_thread_blocked, id=124488, stack(0x0000008494000000,0x0000008494100000)]
  0x000002731a971800 JavaThread "Unconstrained build operations Thread 50" [_thread_blocked, id=120912, stack(0x0000008494100000,0x0000008494200000)]
  0x000002731a979800 JavaThread "Unconstrained build operations Thread 51" [_thread_blocked, id=122348, stack(0x0000008494200000,0x0000008494300000)]
  0x000002731a97b000 JavaThread "Unconstrained build operations Thread 52" [_thread_blocked, id=113200, stack(0x0000008494300000,0x0000008494400000)]
  0x000002731a97c800 JavaThread "Unconstrained build operations Thread 53" [_thread_blocked, id=123504, stack(0x0000008494400000,0x0000008494500000)]
  0x000002731a97c000 JavaThread "Unconstrained build operations Thread 54" [_thread_blocked, id=122388, stack(0x0000008494500000,0x0000008494600000)]
  0x000002731a97a000 JavaThread "Unconstrained build operations Thread 55" [_thread_blocked, id=85768, stack(0x0000008494600000,0x0000008494700000)]
  0x000002731a978800 JavaThread "Unconstrained build operations Thread 56" [_thread_blocked, id=108228, stack(0x0000008494700000,0x0000008494800000)]
  0x000002731a97d800 JavaThread "Unconstrained build operations Thread 57" [_thread_blocked, id=76616, stack(0x0000008494800000,0x0000008494900000)]
  0x000002731a978000 JavaThread "Unconstrained build operations Thread 58" [_thread_blocked, id=84676, stack(0x0000008494900000,0x0000008494a00000)]
  0x000002731a97e800 JavaThread "Unconstrained build operations Thread 59" [_thread_blocked, id=117940, stack(0x0000008494a00000,0x0000008494b00000)]
  0x000002731a97f000 JavaThread "Unconstrained build operations Thread 60" [_thread_blocked, id=122636, stack(0x0000008494b00000,0x0000008494c00000)]
  0x000002731a980000 JavaThread "Unconstrained build operations Thread 61" [_thread_blocked, id=123860, stack(0x0000008494c00000,0x0000008494d00000)]
  0x000002731cc20800 JavaThread "Unconstrained build operations Thread 62" [_thread_blocked, id=119432, stack(0x0000008494d00000,0x0000008494e00000)]
  0x000002731cc23800 JavaThread "Unconstrained build operations Thread 63" [_thread_blocked, id=118460, stack(0x0000008494e00000,0x0000008494f00000)]
  0x000002731cc25000 JavaThread "Unconstrained build operations Thread 64" [_thread_blocked, id=111452, stack(0x0000008494f00000,0x0000008495000000)]
  0x000002731cc24800 JavaThread "Unconstrained build operations Thread 65" [_thread_blocked, id=122548, stack(0x0000008495000000,0x0000008495100000)]
  0x000002731cc22000 JavaThread "Unconstrained build operations Thread 66" [_thread_blocked, id=123088, stack(0x0000008495100000,0x0000008495200000)]
  0x000002731cc27000 JavaThread "Unconstrained build operations Thread 67" [_thread_blocked, id=107436, stack(0x0000008495200000,0x0000008495300000)]
  0x000002731cc21000 JavaThread "Unconstrained build operations Thread 68" [_thread_blocked, id=124656, stack(0x0000008495300000,0x0000008495400000)]
  0x000002731cc26000 JavaThread "Unconstrained build operations Thread 69" [_thread_blocked, id=124484, stack(0x0000008495400000,0x0000008495500000)]
  0x000002731cc27800 JavaThread "Unconstrained build operations Thread 70" [_thread_blocked, id=100480, stack(0x0000008495500000,0x0000008495600000)]
  0x000002731cc23000 JavaThread "Unconstrained build operations Thread 71" [_thread_blocked, id=94000, stack(0x0000008495600000,0x0000008495700000)]
  0x000002731cc29800 JavaThread "Unconstrained build operations Thread 72" [_thread_blocked, id=118420, stack(0x0000008495700000,0x0000008495800000)]
  0x000002731cc28800 JavaThread "Unconstrained build operations Thread 73" [_thread_blocked, id=94772, stack(0x0000008495800000,0x0000008495900000)]

Other Threads:
=>0x000002731614a000 VMThread "VM Thread" [stack: 0x000000848e200000,0x000000848e300000] [id=105452]
  0x0000027316c90000 WatcherThread [stack: 0x000000848ec00000,0x000000848ed00000] [id=95100]
  0x000002737bbd4800 GCTaskThread "GC Thread#0" [stack: 0x000000848dd00000,0x000000848de00000] [id=115564]
  0x00000273176c1800 GCTaskThread "GC Thread#1" [stack: 0x000000848ed00000,0x000000848ee00000] [id=76536]
  0x0000027318b9e800 GCTaskThread "GC Thread#2" [stack: 0x000000848f400000,0x000000848f500000] [id=105064]
  0x000002731820d000 GCTaskThread "GC Thread#3" [stack: 0x000000848f500000,0x000000848f600000] [id=93780]
  0x0000027317f5c800 GCTaskThread "GC Thread#4" [stack: 0x000000848f600000,0x000000848f700000] [id=107600]
  0x00000273179f8800 GCTaskThread "GC Thread#5" [stack: 0x000000848f700000,0x000000848f800000] [id=121140]
  0x00000273179f9000 GCTaskThread "GC Thread#6" [stack: 0x000000848f800000,0x000000848f900000] [id=123388]
  0x0000027318b66800 GCTaskThread "GC Thread#7" [stack: 0x000000848f900000,0x000000848fa00000] [id=95116]
  0x000002737bc07800 ConcurrentGCThread "G1 Main Marker" [stack: 0x000000848de00000,0x000000848df00000] [id=94012]
  0x000002737bc09800 ConcurrentGCThread "G1 Conc#0" [stack: 0x000000848df00000,0x000000848e000000] [id=101984]
  0x000002731867d800 ConcurrentGCThread "G1 Conc#1" [stack: 0x0000008490200000,0x0000008490300000] [id=112152]
  0x000002737bc9d800 ConcurrentGCThread "G1 Refine#0" [stack: 0x000000848e000000,0x000000848e100000] [id=17236]
  0x00000273170dc800 ConcurrentGCThread "G1 Refine#1" [stack: 0x000000848ee00000,0x000000848ef00000] [id=86600]
  0x0000027315f9a800 ConcurrentGCThread "G1 Young RemSet Sampling" [stack: 0x000000848e100000,0x000000848e200000] [id=124000]

Threads with active compile tasks:
C2 CompilerThread0  12200 4832   !   4       java.util.AbstractList$Itr::next (45 bytes)
C1 CompilerThread0  12200 4831   !   3       java.io.ObjectOutputStream::writeObject0 (619 bytes)

VM state:at safepoint (normal execution)

VM Mutex/Monitor currently owned by a thread:  ([mutex/lock_event])
[0x000002737bbb7350] Threads_lock - owner thread: 0x000002731614a000
[0x000002737bbb7620] Heap_lock - owner thread: 0x0000027316b03000
[0x000002737bbb8e50] MethodData_lock - owner thread: 0x0000027316b03000

OutOfMemory and StackOverflow Exception counts:
OutOfMemoryError java_heap_errors=1
StackOverflowErrors=2
LinkageErrors=84

Heap address: 0x0000000080000000, size: 2048 MB, Compressed Oops mode: 32-bit
Narrow klass base: 0x0000000000000000, Narrow klass shift: 3
Compressed class space size: 1073741824 Address: 0x0000000100000000

Heap:
 garbage-first heap   total 96256K, used 32411K [0x0000000080000000, 0x0000000100000000)
  region size 1024K, 3 young (3072K), 3 survivors (3072K)
 Metaspace       used 48517K, capacity 49734K, committed 49792K, reserved 1099776K
  class space    used 6258K, capacity 6750K, committed 6784K, reserved 1048576K
Heap Regions: E=young(eden), S=young(survivor), O=old, HS=humongous(starts), HC=humongous(continues), CS=collection set, F=free, A=archive, TAMS=top-at-mark-start (previous, next)
|   0|0x0000000080000000, 0x0000000080100000, 0x0000000080100000|100%| O|  |TAMS 0x0000000080100000, 0x0000000080100000| Untracked 
|   1|0x0000000080100000, 0x0000000080200000, 0x0000000080200000|100%| O|  |TAMS 0x0000000080200000, 0x0000000080200000| Untracked 
|   2|0x0000000080200000, 0x0000000080300000, 0x0000000080300000|100%| O|  |TAMS 0x0000000080300000, 0x0000000080300000| Untracked 
|   3|0x0000000080300000, 0x0000000080400000, 0x0000000080400000|100%|HS|  |TAMS 0x0000000080400000, 0x0000000080400000| Complete 
|   4|0x0000000080400000, 0x0000000080500000, 0x0000000080500000|100%|HC|  |TAMS 0x0000000080500000, 0x0000000080500000| Complete 
|   5|0x0000000080500000, 0x0000000080600000, 0x0000000080600000|100%|HC|  |TAMS 0x0000000080600000, 0x0000000080600000| Complete 
|   6|0x0000000080600000, 0x0000000080700000, 0x0000000080700000|100%| O|  |TAMS 0x0000000080700000, 0x0000000080700000| Untracked 
|   7|0x0000000080700000, 0x0000000080800000, 0x0000000080800000|100%| O|  |TAMS 0x0000000080800000, 0x0000000080800000| Untracked 
|   8|0x0000000080800000, 0x0000000080900000, 0x0000000080900000|100%| O|  |TAMS 0x0000000080900000, 0x0000000080900000| Untracked 
|   9|0x0000000080900000, 0x0000000080a00000, 0x0000000080a00000|100%| O|  |TAMS 0x0000000080a00000, 0x0000000080a00000| Untracked 
|  10|0x0000000080a00000, 0x0000000080b00000, 0x0000000080b00000|100%| O|  |TAMS 0x0000000080b00000, 0x0000000080b00000| Untracked 
|  11|0x0000000080b00000, 0x0000000080c00000, 0x0000000080c00000|100%| O|  |TAMS 0x0000000080c00000, 0x0000000080c00000| Untracked 
|  12|0x0000000080c00000, 0x0000000080d00000, 0x0000000080d00000|100%| O|  |TAMS 0x0000000080d00000, 0x0000000080d00000| Untracked 
|  13|0x0000000080d00000, 0x0000000080e00000, 0x0000000080e00000|100%| O|  |TAMS 0x0000000080e00000, 0x0000000080e00000| Untracked 
|  14|0x0000000080e00000, 0x0000000080f00000, 0x0000000080f00000|100%| O|  |TAMS 0x0000000080f00000, 0x0000000080f00000| Untracked 
|  15|0x0000000080f00000, 0x0000000081000000, 0x0000000081000000|100%| O|  |TAMS 0x0000000081000000, 0x0000000081000000| Untracked 
|  16|0x0000000081000000, 0x0000000081100000, 0x0000000081100000|100%| O|  |TAMS 0x000000008107e400, 0x0000000081100000| Untracked 
|  17|0x0000000081100000, 0x0000000081200000, 0x0000000081200000|100%| O|  |TAMS 0x0000000081100000, 0x0000000081200000| Untracked 
|  18|0x0000000081200000, 0x0000000081300000, 0x0000000081300000|100%| O|  |TAMS 0x0000000081200000, 0x0000000081300000| Untracked 
|  19|0x0000000081300000, 0x0000000081400000, 0x0000000081400000|100%| O|  |TAMS 0x0000000081300000, 0x0000000081400000| Untracked 
|  20|0x0000000081400000, 0x0000000081500000, 0x0000000081500000|100%| O|  |TAMS 0x0000000081400000, 0x0000000081500000| Untracked 
|  21|0x0000000081500000, 0x0000000081600000, 0x0000000081600000|100%| O|  |TAMS 0x0000000081500000, 0x0000000081600000| Untracked 
|  22|0x0000000081600000, 0x0000000081700000, 0x0000000081700000|100%| O|  |TAMS 0x0000000081600000, 0x0000000081700000| Untracked 
|  23|0x0000000081700000, 0x0000000081800000, 0x0000000081800000|100%| O|  |TAMS 0x0000000081700000, 0x0000000081800000| Untracked 
|  24|0x0000000081800000, 0x0000000081900000, 0x0000000081900000|100%| O|  |TAMS 0x0000000081800000, 0x0000000081900000| Untracked 
|  25|0x0000000081900000, 0x0000000081a00000, 0x0000000081a00000|100%| O|  |TAMS 0x0000000081900000, 0x0000000081a00000| Untracked 
|  26|0x0000000081a00000, 0x0000000081b00000, 0x0000000081b00000|100%| O|  |TAMS 0x0000000081a00000, 0x0000000081b00000| Untracked 
|  27|0x0000000081b00000, 0x0000000081c00000, 0x0000000081c00000|100%| O|  |TAMS 0x0000000081b00000, 0x0000000081c00000| Untracked 
|  28|0x0000000081c00000, 0x0000000081d00000, 0x0000000081d00000|100%| O|  |TAMS 0x0000000081c00000, 0x0000000081d00000| Untracked 
|  29|0x0000000081d00000, 0x0000000081d45000, 0x0000000081e00000| 26%| O|  |TAMS 0x0000000081d00000, 0x0000000081d45000| Untracked 
|  30|0x0000000081e00000, 0x0000000081e00000, 0x0000000081f00000|  0%| F|  |TAMS 0x0000000081e00000, 0x0000000081e00000| Untracked 
|  31|0x0000000081f00000, 0x0000000081f00000, 0x0000000082000000|  0%| F|  |TAMS 0x0000000081f00000, 0x0000000081f00000| Untracked 
|  32|0x0000000082000000, 0x0000000082000000, 0x0000000082100000|  0%| F|  |TAMS 0x0000000082000000, 0x0000000082000000| Untracked 
|  33|0x0000000082100000, 0x0000000082100000, 0x0000000082200000|  0%| F|  |TAMS 0x0000000082100000, 0x0000000082100000| Untracked 
|  34|0x0000000082200000, 0x0000000082200000, 0x0000000082300000|  0%| F|  |TAMS 0x0000000082200000, 0x0000000082200000| Untracked 
|  35|0x0000000082300000, 0x0000000082300000, 0x0000000082400000|  0%| F|  |TAMS 0x0000000082300000, 0x0000000082300000| Untracked 
|  36|0x0000000082400000, 0x0000000082400000, 0x0000000082500000|  0%| F|  |TAMS 0x0000000082400000, 0x0000000082400000| Untracked 
|  37|0x0000000082500000, 0x0000000082500000, 0x0000000082600000|  0%| F|  |TAMS 0x0000000082500000, 0x0000000082500000| Untracked 
|  38|0x0000000082600000, 0x0000000082600000, 0x0000000082700000|  0%| F|  |TAMS 0x0000000082600000, 0x0000000082600000| Untracked 
|  39|0x0000000082700000, 0x0000000082700000, 0x0000000082800000|  0%| F|  |TAMS 0x0000000082700000, 0x0000000082700000| Untracked 
|  40|0x0000000082800000, 0x0000000082800000, 0x0000000082900000|  0%| F|  |TAMS 0x0000000082800000, 0x0000000082800000| Untracked 
|  41|0x0000000082900000, 0x0000000082900000, 0x0000000082a00000|  0%| F|  |TAMS 0x0000000082900000, 0x0000000082900000| Untracked 
|  42|0x0000000082a00000, 0x0000000082a00000, 0x0000000082b00000|  0%| F|  |TAMS 0x0000000082a00000, 0x0000000082a00000| Untracked 
|  43|0x0000000082b00000, 0x0000000082b00000, 0x0000000082c00000|  0%| F|  |TAMS 0x0000000082b00000, 0x0000000082b00000| Untracked 
|  44|0x0000000082c00000, 0x0000000082c00000, 0x0000000082d00000|  0%| F|  |TAMS 0x0000000082c00000, 0x0000000082c00000| Untracked 
|  45|0x0000000082d00000, 0x0000000082d00000, 0x0000000082e00000|  0%| F|  |TAMS 0x0000000082d00000, 0x0000000082d00000| Untracked 
|  46|0x0000000082e00000, 0x0000000082e00000, 0x0000000082f00000|  0%| F|  |TAMS 0x0000000082e00000, 0x0000000082e00000| Untracked 
|  47|0x0000000082f00000, 0x0000000082f00000, 0x0000000083000000|  0%| F|  |TAMS 0x0000000082f00000, 0x0000000082f00000| Untracked 
|  48|0x0000000083000000, 0x0000000083000000, 0x0000000083100000|  0%| F|  |TAMS 0x0000000083000000, 0x0000000083000000| Untracked 
|  49|0x0000000083100000, 0x0000000083100000, 0x0000000083200000|  0%| F|  |TAMS 0x0000000083100000, 0x0000000083100000| Untracked 
|  50|0x0000000083200000, 0x0000000083200000, 0x0000000083300000|  0%| F|  |TAMS 0x0000000083200000, 0x0000000083200000| Untracked 
|  51|0x0000000083300000, 0x0000000083300000, 0x0000000083400000|  0%| F|  |TAMS 0x0000000083300000, 0x0000000083300000| Untracked 
|  52|0x0000000083400000, 0x0000000083400000, 0x0000000083500000|  0%| F|  |TAMS 0x0000000083400000, 0x0000000083400000| Untracked 
|  53|0x0000000083500000, 0x0000000083500000, 0x0000000083600000|  0%| F|  |TAMS 0x0000000083500000, 0x0000000083500000| Untracked 
|  54|0x0000000083600000, 0x0000000083600000, 0x0000000083700000|  0%| F|  |TAMS 0x0000000083600000, 0x0000000083600000| Untracked 
|  55|0x0000000083700000, 0x0000000083700000, 0x0000000083800000|  0%| F|  |TAMS 0x0000000083700000, 0x0000000083700000| Untracked 
|  56|0x0000000083800000, 0x0000000083800000, 0x0000000083900000|  0%| F|  |TAMS 0x0000000083800000, 0x0000000083800000| Untracked 
|  57|0x0000000083900000, 0x0000000083900000, 0x0000000083a00000|  0%| F|  |TAMS 0x0000000083900000, 0x0000000083900000| Untracked 
|  58|0x0000000083a00000, 0x0000000083a00000, 0x0000000083b00000|  0%| F|  |TAMS 0x0000000083a00000, 0x0000000083a00000| Untracked 
|  59|0x0000000083b00000, 0x0000000083b00000, 0x0000000083c00000|  0%| F|  |TAMS 0x0000000083b00000, 0x0000000083b00000| Untracked 
|  60|0x0000000083c00000, 0x0000000083c00000, 0x0000000083d00000|  0%| F|  |TAMS 0x0000000083c00000, 0x0000000083c00000| Untracked 
|  61|0x0000000083d00000, 0x0000000083d00000, 0x0000000083e00000|  0%| F|  |TAMS 0x0000000083d00000, 0x0000000083d00000| Untracked 
|  62|0x0000000083e00000, 0x0000000083e00000, 0x0000000083f00000|  0%| F|  |TAMS 0x0000000083e00000, 0x0000000083e00000| Untracked 
|  63|0x0000000083f00000, 0x0000000083f00000, 0x0000000084000000|  0%| F|  |TAMS 0x0000000083f00000, 0x0000000083f00000| Untracked 
|  64|0x0000000084000000, 0x0000000084000000, 0x0000000084100000|  0%| F|  |TAMS 0x0000000084000000, 0x0000000084000000| Untracked 
|  65|0x0000000084100000, 0x0000000084100000, 0x0000000084200000|  0%| F|  |TAMS 0x0000000084100000, 0x0000000084100000| Untracked 
|  66|0x0000000084200000, 0x0000000084200000, 0x0000000084300000|  0%| F|  |TAMS 0x0000000084200000, 0x0000000084200000| Untracked 
|  67|0x0000000084300000, 0x0000000084300000, 0x0000000084400000|  0%| F|  |TAMS 0x0000000084300000, 0x0000000084300000| Untracked 
|  68|0x0000000084400000, 0x0000000084400000, 0x0000000084500000|  0%| F|  |TAMS 0x0000000084400000, 0x0000000084400000| Untracked 
|  69|0x0000000084500000, 0x0000000084500000, 0x0000000084600000|  0%| F|  |TAMS 0x0000000084500000, 0x0000000084500000| Untracked 
|  70|0x0000000084600000, 0x0000000084600000, 0x0000000084700000|  0%| F|  |TAMS 0x0000000084600000, 0x0000000084600000| Untracked 
|  71|0x0000000084700000, 0x0000000084700000, 0x0000000084800000|  0%| F|  |TAMS 0x0000000084700000, 0x0000000084700000| Untracked 
|  72|0x0000000084800000, 0x0000000084800000, 0x0000000084900000|  0%| F|  |TAMS 0x0000000084800000, 0x0000000084800000| Untracked 
|  73|0x0000000084900000, 0x0000000084900000, 0x0000000084a00000|  0%| F|  |TAMS 0x0000000084900000, 0x0000000084900000| Untracked 
|  74|0x0000000084a00000, 0x0000000084a00000, 0x0000000084b00000|  0%| F|  |TAMS 0x0000000084a00000, 0x0000000084a00000| Untracked 
|  75|0x0000000084b00000, 0x0000000084b00000, 0x0000000084c00000|  0%| F|  |TAMS 0x0000000084b00000, 0x0000000084b00000| Untracked 
|  76|0x0000000084c00000, 0x0000000084c00000, 0x0000000084d00000|  0%| F|  |TAMS 0x0000000084c00000, 0x0000000084c00000| Untracked 
|  77|0x0000000084d00000, 0x0000000084d00000, 0x0000000084e00000|  0%| F|  |TAMS 0x0000000084d00000, 0x0000000084d00000| Untracked 
|  78|0x0000000084e00000, 0x0000000084e00000, 0x0000000084f00000|  0%| F|  |TAMS 0x0000000084e00000, 0x0000000084e00000| Untracked 
|  79|0x0000000084f00000, 0x0000000084f00000, 0x0000000085000000|  0%| F|  |TAMS 0x0000000084f00000, 0x0000000084f00000| Untracked 
|  80|0x0000000085000000, 0x0000000085000000, 0x0000000085100000|  0%| F|  |TAMS 0x0000000085000000, 0x0000000085000000| Untracked 
|  81|0x0000000085100000, 0x0000000085100000, 0x0000000085200000|  0%| F|  |TAMS 0x0000000085100000, 0x0000000085100000| Untracked 
|  82|0x0000000085200000, 0x0000000085200000, 0x0000000085300000|  0%| F|  |TAMS 0x0000000085200000, 0x0000000085200000| Untracked 
|  83|0x0000000085300000, 0x0000000085300000, 0x0000000085400000|  0%| F|  |TAMS 0x0000000085300000, 0x0000000085300000| Untracked 
|  84|0x0000000085400000, 0x0000000085400000, 0x0000000085500000|  0%| F|  |TAMS 0x0000000085400000, 0x0000000085400000| Untracked 
|  85|0x0000000085500000, 0x0000000085500000, 0x0000000085600000|  0%| F|  |TAMS 0x0000000085500000, 0x0000000085500000| Untracked 
|  86|0x0000000085600000, 0x0000000085600000, 0x0000000085700000|  0%| F|  |TAMS 0x0000000085600000, 0x0000000085600000| Untracked 
|  87|0x0000000085700000, 0x0000000085700000, 0x0000000085800000|  0%| F|  |TAMS 0x0000000085700000, 0x0000000085700000| Untracked 
|  88|0x0000000085800000, 0x0000000085861dc8, 0x0000000085900000| 38%| S|CS|TAMS 0x0000000085800000, 0x0000000085800000| Complete 
|  89|0x0000000085900000, 0x0000000085a00000, 0x0000000085a00000|100%| S|CS|TAMS 0x0000000085900000, 0x0000000085900000| Complete 
|  90|0x0000000085a00000, 0x0000000085b00000, 0x0000000085b00000|100%| S|CS|TAMS 0x0000000085a00000, 0x0000000085a00000| Complete 
|  91|0x0000000085b00000, 0x0000000085b00000, 0x0000000085c00000|  0%| F|  |TAMS 0x0000000085b00000, 0x0000000085b00000| Untracked 
|  92|0x0000000085c00000, 0x0000000085c00000, 0x0000000085d00000|  0%| F|  |TAMS 0x0000000085c00000, 0x0000000085c00000| Untracked 
|  93|0x0000000085d00000, 0x0000000085d00000, 0x0000000085e00000|  0%| F|  |TAMS 0x0000000085d00000, 0x0000000085d00000| Untracked 

Card table byte_map: [0x000002730f000000,0x000002730f400000] _byte_map_base: 0x000002730ec00000

Marking Bits (Prev, Next): (CMBitMap*) 0x000002737bbfdc78, (CMBitMap*) 0x000002737bbfdcb0
 Prev Bits: [0x000002730f800000, 0x0000027311800000)
 Next Bits: [0x0000027311800000, 0x0000027313800000)

Polling page: 0x00000273799b0000

Metaspace:

Usage:
  Non-class:     41.98 MB capacity,    41.27 MB ( 98%) used,   592.05 KB (  1%) free+waste,   132.94 KB ( <1%) overhead. 
      Class:      6.59 MB capacity,     6.11 MB ( 93%) used,   427.43 KB (  6%) free+waste,    64.38 KB ( <1%) overhead. 
       Both:     48.57 MB capacity,    47.38 MB ( 98%) used,  1019.48 KB (  2%) free+waste,   197.31 KB ( <1%) overhead. 

Virtual space:
  Non-class space:       50.00 MB reserved,      42.00 MB ( 84%) committed 
      Class space:        1.00 GB reserved,       6.63 MB ( <1%) committed 
             Both:        1.05 GB reserved,      48.63 MB (  5%) committed 

Chunk freelists:
   Non-Class:  24.00 KB
       Class:  2.00 KB
        Both:  26.00 KB

MaxMetaspaceSize: 17179869184.00 GB
CompressedClassSpaceSize: 1.00 GB
Initial GC threshold: 20.80 MB
Current GC threshold: 58.87 MB
CDS: off

CodeHeap 'non-profiled nmethods': size=120000Kb used=2466Kb max_used=2466Kb free=117533Kb
 bounds [0x0000027307ad0000, 0x0000027307d40000, 0x000002730f000000]
CodeHeap 'profiled nmethods': size=120000Kb used=9627Kb max_used=9627Kb free=110372Kb
 bounds [0x00000273005a0000, 0x0000027300f10000, 0x0000027307ad0000]
CodeHeap 'non-nmethods': size=5760Kb used=2292Kb max_used=2336Kb free=3467Kb
 bounds [0x0000027300000000, 0x0000027300270000, 0x00000273005a0000]
 total_blobs=5611 nmethods=4822 adapters=700
 compilation: enabled
              stopped_count=0, restarted_count=0
 full_count=0

Compilation events (20 events):
Event: 12.146 Thread 0x0000027316afa000 4821       4       java.lang.String::equals (65 bytes)
Event: 12.146 Thread 0x0000027316b03000 4822       3       java.io.ObjectOutputStream$BlockDataOutputStream::setBlockDataMode (35 bytes)
Event: 12.146 Thread 0x0000027316b03000 nmethod 4822 0x0000027300f03090 code [0x0000027300f03260, 0x0000027300f03468]
Event: 12.146 Thread 0x0000027316b03000 4823       1       java.io.ObjectStreamField::isUnshared (5 bytes)
Event: 12.146 Thread 0x0000027316b03000 nmethod 4823 0x0000027307d37d10 code [0x0000027307d37ec0, 0x0000027307d37f78]
Event: 12.146 Thread 0x0000027316b03000 4824       3       java.io.ObjectOutputStream$HandleTable::lookup (56 bytes)
Event: 12.146 Thread 0x0000027316b03000 nmethod 4824 0x0000027300f03510 code [0x0000027300f03700, 0x0000027300f03a68]
Event: 12.146 Thread 0x0000027316b03000 4825       3       java.io.ObjectOutputStream$BlockDataOutputStream::writeBytes (144 bytes)
Event: 12.147 Thread 0x0000027316afa000 nmethod 4821 0x0000027307d38010 code [0x0000027307d381a0, 0x0000027307d38378]
Event: 12.147 Thread 0x0000027316b03000 nmethod 4825 0x0000027300f03c90 code [0x0000027300f03ec0, 0x0000027300f04578]
Event: 12.147 Thread 0x0000027316b03000 4826       3       java.io.ObjectOutputStream$BlockDataOutputStream::getUTFLength (124 bytes)
Event: 12.149 Thread 0x0000027316b03000 nmethod 4826 0x0000027300f04890 code [0x0000027300f04aa0, 0x0000027300f05088]
Event: 12.149 Thread 0x0000027316b03000 4828       3       java.util.AbstractList$Itr::<init> (31 bytes)
Event: 12.149 Thread 0x0000027316b03000 nmethod 4828 0x0000027300f05310 code [0x0000027300f054c0, 0x0000027300f05698]
Event: 12.149 Thread 0x0000027316b03000 4827       3       java.io.ObjectOutputStream$HandleTable::insert (39 bytes)
Event: 12.149 Thread 0x0000027316afa000 4832   !   4       java.util.AbstractList$Itr::next (45 bytes)
Event: 12.149 Thread 0x0000027316b03000 nmethod 4827 0x0000027300f05790 code [0x0000027300f05980, 0x0000027300f05d28]
Event: 12.149 Thread 0x0000027316b03000 4830       3       java.util.Collections$SingletonList::get (41 bytes)
Event: 12.149 Thread 0x0000027316b03000 nmethod 4830 0x0000027300f05f10 code [0x0000027300f06180, 0x0000027300f06aa8]
Event: 12.149 Thread 0x0000027316b03000 4831   !   3       java.io.ObjectOutputStream::writeObject0 (619 bytes)

GC Heap History (20 events):
Event: 4.517 GC heap before
{Heap before GC invocations=3 (full 0):
 garbage-first heap   total 96256K, used 47730K [0x0000000080000000, 0x0000000100000000)
  region size 1024K, 32 young (32768K), 1 survivors (1024K)
 Metaspace       used 19837K, capacity 20270K, committed 20608K, reserved 1067008K
  class space    used 2445K, capacity 2572K, committed 2688K, reserved 1048576K
}
Event: 4.519 GC heap after
{Heap after GC invocations=4 (full 0):
 garbage-first heap   total 96256K, used 17091K [0x0000000080000000, 0x0000000100000000)
  region size 1024K, 3 young (3072K), 3 survivors (3072K)
 Metaspace       used 19837K, capacity 20270K, committed 20608K, reserved 1067008K
  class space    used 2445K, capacity 2572K, committed 2688K, reserved 1048576K
}
Event: 4.619 GC heap before
{Heap before GC invocations=4 (full 0):
 garbage-first heap   total 96256K, used 21187K [0x0000000080000000, 0x0000000100000000)
  region size 1024K, 8 young (8192K), 3 survivors (3072K)
 Metaspace       used 20671K, capacity 21133K, committed 21248K, reserved 1067008K
  class space    used 2543K, capacity 2712K, committed 2816K, reserved 1048576K
}
Event: 4.622 GC heap after
{Heap after GC invocations=5 (full 0):
 garbage-first heap   total 96256K, used 17354K [0x0000000080000000, 0x0000000100000000)
  region size 1024K, 3 young (3072K), 3 survivors (3072K)
 Metaspace       used 20671K, capacity 21133K, committed 21248K, reserved 1067008K
  class space    used 2543K, capacity 2712K, committed 2816K, reserved 1048576K
}
Event: 5.405 GC heap before
{Heap before GC invocations=6 (full 0):
 garbage-first heap   total 96256K, used 54218K [0x0000000080000000, 0x0000000100000000)
  region size 1024K, 40 young (40960K), 3 survivors (3072K)
 Metaspace       used 24492K, capacity 25062K, committed 25088K, reserved 1071104K
  class space    used 3124K, capacity 3324K, committed 3328K, reserved 1048576K
}
Event: 5.408 GC heap after
{Heap after GC invocations=7 (full 0):
 garbage-first heap   total 96256K, used 18443K [0x0000000080000000, 0x0000000100000000)
  region size 1024K, 4 young (4096K), 4 survivors (4096K)
 Metaspace       used 24492K, capacity 25062K, committed 25088K, reserved 1071104K
  class space    used 3124K, capacity 3324K, committed 3328K, reserved 1048576K
}
Event: 6.350 GC heap before
{Heap before GC invocations=7 (full 0):
 garbage-first heap   total 96256K, used 59403K [0x0000000080000000, 0x0000000100000000)
  region size 1024K, 44 young (45056K), 4 survivors (4096K)
 Metaspace       used 28641K, capacity 29318K, committed 29440K, reserved 1075200K
  class space    used 3788K, capacity 4027K, committed 4096K, reserved 1048576K
}
Event: 6.354 GC heap after
{Heap after GC invocations=8 (full 0):
 garbage-first heap   total 96256K, used 20257K [0x0000000080000000, 0x0000000100000000)
  region size 1024K, 5 young (5120K), 5 survivors (5120K)
 Metaspace       used 28641K, capacity 29318K, committed 29440K, reserved 1075200K
  class space    used 3788K, capacity 4027K, committed 4096K, reserved 1048576K
}
Event: 7.394 GC heap before
{Heap before GC invocations=8 (full 0):
 garbage-first heap   total 96256K, used 53025K [0x0000000080000000, 0x0000000100000000)
  region size 1024K, 38 young (38912K), 5 survivors (5120K)
 Metaspace       used 34919K, capacity 35710K, committed 35840K, reserved 1081344K
  class space    used 4534K, capacity 4839K, committed 4864K, reserved 1048576K
}
Event: 7.402 GC heap after
{Heap after GC invocations=9 (full 0):
 garbage-first heap   total 96256K, used 22482K [0x0000000080000000, 0x0000000100000000)
  region size 1024K, 6 young (6144K), 6 survivors (6144K)
 Metaspace       used 34919K, capacity 35710K, committed 35840K, reserved 1081344K
  class space    used 4534K, capacity 4839K, committed 4864K, reserved 1048576K
}
Event: 8.065 GC heap before
{Heap before GC invocations=10 (full 0):
 garbage-first heap   total 96256K, used 66514K [0x0000000080000000, 0x0000000100000000)
  region size 1024K, 47 young (48128K), 6 survivors (6144K)
 Metaspace       used 39025K, capacity 39963K, committed 40192K, reserved 1083392K
  class space    used 4970K, capacity 5316K, committed 5376K, reserved 1048576K
}
Event: 8.071 GC heap after
{Heap after GC invocations=11 (full 0):
 garbage-first heap   total 96256K, used 26549K [0x0000000080000000, 0x0000000100000000)
  region size 1024K, 6 young (6144K), 6 survivors (6144K)
 Metaspace       used 39025K, capacity 39963K, committed 40192K, reserved 1083392K
  class space    used 4970K, capacity 5316K, committed 5376K, reserved 1048576K
}
Event: 8.781 GC heap before
{Heap before GC invocations=11 (full 0):
 garbage-first heap   total 96256K, used 68533K [0x0000000080000000, 0x0000000100000000)
  region size 1024K, 47 young (48128K), 6 survivors (6144K)
 Metaspace       used 41909K, capacity 42845K, committed 42880K, reserved 1087488K
  class space    used 5399K, capacity 5755K, committed 5760K, reserved 1048576K
}
Event: 8.790 GC heap after
{Heap after GC invocations=12 (full 0):
 garbage-first heap   total 96256K, used 29016K [0x0000000080000000, 0x0000000100000000)
  region size 1024K, 3 young (3072K), 3 survivors (3072K)
 Metaspace       used 41909K, capacity 42845K, committed 42880K, reserved 1087488K
  class space    used 5399K, capacity 5755K, committed 5760K, reserved 1048576K
}
Event: 10.194 GC heap before
{Heap before GC invocations=12 (full 0):
 garbage-first heap   total 96256K, used 71000K [0x0000000080000000, 0x0000000100000000)
  region size 1024K, 43 young (44032K), 3 survivors (3072K)
 Metaspace       used 45591K, capacity 46620K, committed 46720K, reserved 1089536K
  class space    used 5869K, capacity 6246K, committed 6272K, reserved 1048576K
}
Event: 10.198 GC heap after
{Heap after GC invocations=13 (full 0):
 garbage-first heap   total 96256K, used 29960K [0x0000000080000000, 0x0000000100000000)
  region size 1024K, 4 young (4096K), 4 survivors (4096K)
 Metaspace       used 45591K, capacity 46620K, committed 46720K, reserved 1089536K
  class space    used 5869K, capacity 6246K, committed 6272K, reserved 1048576K
}
Event: 12.024 GC heap before
{Heap before GC invocations=13 (full 0):
 garbage-first heap   total 96256K, used 71944K [0x0000000080000000, 0x0000000100000000)
  region size 1024K, 45 young (46080K), 4 survivors (4096K)
 Metaspace       used 48218K, capacity 49431K, committed 49536K, reserved 1091584K
  class space    used 6211K, capacity 6682K, committed 6784K, reserved 1048576K
}
Event: 12.030 GC heap after
{Heap after GC invocations=14 (full 0):
 garbage-first heap   total 96256K, used 32087K [0x0000000080000000, 0x0000000100000000)
  region size 1024K, 4 young (4096K), 4 survivors (4096K)
 Metaspace       used 48218K, capacity 49431K, committed 49536K, reserved 1091584K
  class space    used 6211K, capacity 6682K, committed 6784K, reserved 1048576K
}
Event: 12.150 GC heap before
{Heap before GC invocations=14 (full 0):
 garbage-first heap   total 96256K, used 34135K [0x0000000080000000, 0x0000000100000000)
  region size 1024K, 7 young (7168K), 4 survivors (4096K)
 Metaspace       used 48517K, capacity 49734K, committed 49792K, reserved 1097728K
  class space    used 6258K, capacity 6750K, committed 6784K, reserved 1048576K
}
Event: 12.159 GC heap after
{Heap after GC invocations=15 (full 0):
 garbage-first heap   total 96256K, used 32411K [0x0000000080000000, 0x0000000100000000)
  region size 1024K, 3 young (3072K), 3 survivors (3072K)
 Metaspace       used 48517K, capacity 49734K, committed 49792K, reserved 1097728K
  class space    used 6258K, capacity 6750K, committed 6784K, reserved 1048576K
}

Deoptimization events (20 events):
Event: 12.008 Thread 0x0000027318481000 Uncommon trap: trap_request=0xffffff4d fr.pc=0x0000027307c6c36c relative=0x00000000000007ac
Event: 12.008 Thread 0x0000027318481000 Uncommon trap: reason=unstable_if action=reinterpret pc=0x0000027307c6c36c method=java.util.regex.Matcher.search(I)Z @ 76 c2
Event: 12.008 Thread 0x0000027318481000 DEOPT PACKING pc=0x0000027307c6c36c sp=0x000000848fbfbc80
Event: 12.008 Thread 0x0000027318481000 DEOPT UNPACKING pc=0x000002730004a1af sp=0x000000848fbfbc00 mode 2
Event: 12.145 Thread 0x0000027318481000 Uncommon trap: trap_request=0xffffffde fr.pc=0x0000027307af69e4 relative=0x00000000000001c4
Event: 12.145 Thread 0x0000027318481000 Uncommon trap: reason=class_check action=maybe_recompile pc=0x0000027307af69e4 method=java.lang.String.equals(Ljava/lang/Object;)Z @ 8 c2
Event: 12.145 Thread 0x0000027318481000 DEOPT PACKING pc=0x0000027307af69e4 sp=0x000000848fbfc800
Event: 12.145 Thread 0x0000027318481000 DEOPT UNPACKING pc=0x000002730004a1af sp=0x000000848fbfc7a8 mode 2
Event: 12.145 Thread 0x0000027318481000 Uncommon trap: trap_request=0xffffffde fr.pc=0x0000027307af69e4 relative=0x00000000000001c4
Event: 12.145 Thread 0x0000027318481000 Uncommon trap: reason=class_check action=maybe_recompile pc=0x0000027307af69e4 method=java.lang.String.equals(Ljava/lang/Object;)Z @ 8 c2
Event: 12.145 Thread 0x0000027318481000 DEOPT PACKING pc=0x0000027307af69e4 sp=0x000000848fbfc800
Event: 12.145 Thread 0x0000027318481000 DEOPT UNPACKING pc=0x000002730004a1af sp=0x000000848fbfc7a8 mode 2
Event: 12.146 Thread 0x0000027318481000 Uncommon trap: trap_request=0xffffffde fr.pc=0x0000027307af69e4 relative=0x00000000000001c4
Event: 12.146 Thread 0x0000027318481000 Uncommon trap: reason=class_check action=maybe_recompile pc=0x0000027307af69e4 method=java.lang.String.equals(Ljava/lang/Object;)Z @ 8 c2
Event: 12.146 Thread 0x0000027318481000 DEOPT PACKING pc=0x0000027307af69e4 sp=0x000000848fbfc800
Event: 12.146 Thread 0x0000027318481000 DEOPT UNPACKING pc=0x000002730004a1af sp=0x000000848fbfc7a8 mode 2
Event: 12.146 Thread 0x0000027318481000 Uncommon trap: trap_request=0xffffffde fr.pc=0x0000027307af69e4 relative=0x00000000000001c4
Event: 12.146 Thread 0x0000027318481000 Uncommon trap: reason=class_check action=maybe_recompile pc=0x0000027307af69e4 method=java.lang.String.equals(Ljava/lang/Object;)Z @ 8 c2
Event: 12.146 Thread 0x0000027318481000 DEOPT PACKING pc=0x0000027307af69e4 sp=0x000000848fbfc800
Event: 12.146 Thread 0x0000027318481000 DEOPT UNPACKING pc=0x000002730004a1af sp=0x000000848fbfc7a8 mode 2

Classes redefined (0 events):
No events

Internal exceptions (20 events):
Event: 10.695 Thread 0x0000027318481000 Exception <a 'java/lang/NoSuchMethodError'{0x0000000084d6d7b0}: 'java.lang.Object java.lang.invoke.DirectMethodHandle$Holder.invokeStatic(java.lang.Object, java.lang.Object, java.lang.Object, java.lang.Object, java.lang.Object, java.lang.Object, java.lang.Object, java.lang.Object, java.lang.Object, java.lang.Object, java.lang.Object, java.lang.Object, java.lang.Object, java.lang.Object, java.lang.Object, java.lang.Object)'> (0x0000000084d6d7b0) thrown at [./src/hotspot/share/interpreter/linkResolver.cpp, l
Event: 10.698 Thread 0x0000027318481000 Exception <a 'java/lang/NoSuchMethodError'{0x0000000084d7d9e0}: 'java.lang.Object java.lang.invoke.DelegatingMethodHandle$Holder.reinvoke_L(java.lang.Object, java.lang.Object, java.lang.Object, java.lang.Object, java.lang.Object, java.lang.Object, java.lang.Object, java.lang.Object, java.lang.Object, java.lang.Object, java.lang.Object, java.lang.Object, java.lang.Object, java.lang.Object, java.lang.Object, java.lang.Object, java.lang.Object, java.lang.Object, java.lang.Object)'> (0x0000000084d7d9e0) thrown
Event: 11.966 Thread 0x0000027318481000 Exception <a 'java/lang/OutOfMemoryError'{0x0000000083c103b8}: unable to create native thread: possibly out of memory or process/resource limits reached> (0x0000000083c103b8) thrown at [./src/hotspot/share/prims/jvm.cpp, line 2924]
Event: 11.974 Thread 0x0000027318481000 Exception <a 'java/lang/NoSuchMethodError'{0x0000000083c34b70}: 'long java.lang.invoke.DirectMethodHandle$Holder.invokeVirtual(java.lang.Object, java.lang.Object)'> (0x0000000083c34b70) thrown at [./src/hotspot/share/interpreter/linkResolver.cpp, line 773]
Event: 11.983 Thread 0x000002731cc29800 Exception <a 'java/lang/StackOverflowError'{0x000000008371bac0}> (0x000000008371bac0) thrown at [./src/hotspot/share/interpreter/interpreterRuntime.cpp, line 392]
Event: 11.983 Thread 0x00000273192e6800 StackOverflowError at 0x0000027307ad8160
Event: 11.983 Thread 0x00000273192e6800 Exception <a 'java/lang/StackOverflowError'{0x0000000083635d78}> (0x0000000083635d78) thrown at [./src/hotspot/share/runtime/sharedRuntime.cpp, line 607]
Event: 12.001 Thread 0x00000273179f5800 Exception <a 'java/lang/NoSuchMethodError'{0x0000000083410a60}: <clinit>> (0x0000000083410a60) thrown at [./src/hotspot/share/prims/jni.cpp, line 1365]
Event: 12.010 Thread 0x00000273179f5800 Exception <a 'java/lang/NoSuchMethodError'{0x00000000834b90b8}: <clinit>> (0x00000000834b90b8) thrown at [./src/hotspot/share/prims/jni.cpp, line 1365]
Event: 12.010 Thread 0x00000273179f5800 Exception <a 'java/lang/NoSuchMethodError'{0x00000000834ba558}: <clinit>> (0x00000000834ba558) thrown at [./src/hotspot/share/prims/jni.cpp, line 1365]
Event: 12.010 Thread 0x00000273179f5800 Exception <a 'java/lang/NoSuchMethodError'{0x00000000834bb860}: <clinit>> (0x00000000834bb860) thrown at [./src/hotspot/share/prims/jni.cpp, line 1365]
Event: 12.010 Thread 0x00000273179f5800 Exception <a 'java/lang/NoSuchMethodError'{0x00000000834bcac0}: <clinit>> (0x00000000834bcac0) thrown at [./src/hotspot/share/prims/jni.cpp, line 1365]
Event: 12.012 Thread 0x00000273179f5800 Exception <a 'java/lang/NoSuchMethodError'{0x00000000834cfe58}: <clinit>> (0x00000000834cfe58) thrown at [./src/hotspot/share/prims/jni.cpp, line 1365]
Event: 12.013 Thread 0x00000273179f5800 Exception <a 'java/lang/NoSuchMethodError'{0x00000000834da7f0}: <clinit>> (0x00000000834da7f0) thrown at [./src/hotspot/share/prims/jni.cpp, line 1365]
Event: 12.022 Thread 0x00000273179f5800 Exception <a 'java/lang/NoSuchMethodError'{0x00000000834ef900}: <clinit>> (0x00000000834ef900) thrown at [./src/hotspot/share/prims/jni.cpp, line 1365]
Event: 12.032 Thread 0x00000273179f5800 Exception <a 'java/lang/NoSuchMethodError'{0x0000000085d8bf38}: <clinit>> (0x0000000085d8bf38) thrown at [./src/hotspot/share/prims/jni.cpp, line 1365]
Event: 12.066 Thread 0x0000027318481000 Exception <a 'java/lang/NoSuchMethodError'{0x0000000085dbddf8}: 'java.lang.Object java.lang.invoke.Invokers$Holder.linkToTargetMethod(java.lang.Object, java.lang.Object, java.lang.Object, int, java.lang.Object, java.lang.Object)'> (0x0000000085dbddf8) thrown at [./src/hotspot/share/interpreter/linkResolver.cpp, line 773]
Event: 12.071 Thread 0x0000027318481000 Exception <a 'java/lang/NoSuchMethodError'{0x0000000085df5398}: 'java.lang.Object java.lang.invoke.DirectMethodHandle$Holder.invokeStatic(java.lang.Object, java.lang.Object, java.lang.Object, java.lang.Object, int)'> (0x0000000085df5398) thrown at [./src/hotspot/share/interpreter/linkResolver.cpp, line 773]
Event: 12.072 Thread 0x0000027318481000 Exception <a 'java/lang/NoSuchMethodError'{0x0000000085df91f0}: 'java.lang.Object java.lang.invoke.DirectMethodHandle$Holder.invokeSpecial(java.lang.Object, java.lang.Object, java.lang.Object, java.lang.Object, java.lang.Object, int)'> (0x0000000085df91f0) thrown at [./src/hotspot/share/interpreter/linkResolver.cpp, line 773]
Event: 12.072 Thread 0x0000027318481000 Exception <a 'java/lang/NoSuchMethodError'{0x0000000085dfcd90}: 'java.lang.Object java.lang.invoke.Invokers$Holder.linkToTargetMethod(java.lang.Object, java.lang.Object, java.lang.Object, int, java.lang.Object)'> (0x0000000085dfcd90) thrown at [./src/hotspot/share/interpreter/linkResolver.cpp, line 773]

Events (20 events):
Event: 12.134 loading class org/gradle/internal/serialize/ExceptionPlaceholder$2 done
Event: 12.135 loading class org/gradle/tooling/internal/provider/serialization/DefaultPayloadClassLoaderRegistry$ClassLoaderSpecVisitor
Event: 12.135 loading class org/gradle/tooling/internal/provider/serialization/DefaultPayloadClassLoaderRegistry$ClassLoaderSpecVisitor done
Event: 12.136 loading class com/google/common/cache/LocalCache$SoftValueReference
Event: 12.136 loading class com/google/common/cache/LocalCache$SoftValueReference done
Event: 12.137 loading class java/lang/Short$ShortCache
Event: 12.138 loading class java/lang/Short$ShortCache done
Event: 12.140 loading class java/util/AbstractList$ListItr
Event: 12.142 loading class java/util/AbstractList$ListItr done
Event: 12.142 Executing VM operation: Deoptimize
Event: 12.142 Executing VM operation: Deoptimize done
Event: 12.143 loading class org/gradle/internal/serialize/NestedExceptionPlaceholder
Event: 12.143 loading class org/gradle/internal/serialize/NestedExceptionPlaceholder done
Event: 12.143 loading class org/gradle/internal/serialize/NestedExceptionPlaceholder$Kind
Event: 12.143 loading class org/gradle/internal/serialize/NestedExceptionPlaceholder$Kind done
Event: 12.144 loading class java/io/ObjectStreamClass$ExceptionInfo
Event: 12.144 loading class java/io/ObjectStreamClass$ExceptionInfo done
Event: 12.147 Executing VM operation: BulkRevokeBias
Event: 12.149 Executing VM operation: BulkRevokeBias done
Event: 12.149 Executing VM operation: CollectForMetadataAllocation


Dynamic libraries:
0x00007ff7298d0000 - 0x00007ff7298da000 	C:\Program Files\Android\Android Studio\jre\bin\java.exe
0x00007ff8869c0000 - 0x00007ff886bc9000 	C:\Windows\SYSTEM32\ntdll.dll
0x00007ff8849f0000 - 0x00007ff884aad000 	C:\Windows\System32\KERNEL32.DLL
0x00007ff883ec0000 - 0x00007ff88423b000 	C:\Windows\System32\KERNELBASE.dll
0x00007ff884660000 - 0x00007ff884771000 	C:\Windows\System32\ucrtbase.dll
0x00007ff85fc60000 - 0x00007ff85fc77000 	C:\Program Files\Android\Android Studio\jre\bin\VCRUNTIME140.dll
0x00007ff85fce0000 - 0x00007ff85fcf9000 	C:\Program Files\Android\Android Studio\jre\bin\jli.dll
0x00007ff884840000 - 0x00007ff8849ed000 	C:\Windows\System32\USER32.dll
0x00007ff867040000 - 0x00007ff8672e5000 	C:\Windows\WinSxS\amd64_microsoft.windows.common-controls_6595b64144ccf1df_6.0.22000.120_none_9d947278b86cc467\COMCTL32.dll
0x00007ff883e90000 - 0x00007ff883eb6000 	C:\Windows\System32\win32u.dll
0x00007ff886640000 - 0x00007ff8866e3000 	C:\Windows\System32\msvcrt.dll
0x00007ff885850000 - 0x00007ff885879000 	C:\Windows\System32\GDI32.dll
0x00007ff884360000 - 0x00007ff884478000 	C:\Windows\System32\gdi32full.dll
0x00007ff884240000 - 0x00007ff8842dd000 	C:\Windows\System32\msvcp_win.dll
0x00007ff8860a0000 - 0x00007ff8860d1000 	C:\Windows\System32\IMM32.DLL
0x00007ff845080000 - 0x00007ff84511d000 	C:\Program Files\Android\Android Studio\jre\bin\msvcp140.dll
0x00007fffef6d0000 - 0x00007ffff01b5000 	C:\Program Files\Android\Android Studio\jre\bin\server\jvm.dll
0x00007ff884e00000 - 0x00007ff884eae000 	C:\Windows\System32\ADVAPI32.dll
0x00007ff885340000 - 0x00007ff8853de000 	C:\Windows\System32\sechost.dll
0x00007ff886770000 - 0x00007ff886890000 	C:\Windows\System32\RPCRT4.dll
0x00007ff886760000 - 0x00007ff886768000 	C:\Windows\System32\PSAPI.DLL
0x00007ff87c0e0000 - 0x00007ff87c0ea000 	C:\Windows\SYSTEM32\VERSION.dll
0x00007ff87d6b0000 - 0x00007ff87d6e3000 	C:\Windows\SYSTEM32\WINMM.dll
0x00007ff858250000 - 0x00007ff858259000 	C:\Windows\SYSTEM32\WSOCK32.dll
0x00007ff884d00000 - 0x00007ff884d6f000 	C:\Windows\System32\ws2_32.DLL
0x00007ff882f10000 - 0x00007ff882f28000 	C:\Windows\SYSTEM32\kernel.appcore.dll
0x00007ff87f1f0000 - 0x00007ff87f201000 	C:\Program Files\Android\Android Studio\jre\bin\verify.dll
0x00007ff881810000 - 0x00007ff881a31000 	C:\Windows\SYSTEM32\DBGHELP.DLL
0x00007ff86c590000 - 0x00007ff86c5c1000 	C:\Windows\SYSTEM32\dbgcore.DLL
0x00007ff8842e0000 - 0x00007ff88435f000 	C:\Windows\System32\bcryptPrimitives.dll
0x00007ff86c460000 - 0x00007ff86c489000 	C:\Program Files\Android\Android Studio\jre\bin\java.dll
0x00007ff875cc0000 - 0x00007ff875ccb000 	C:\Program Files\Android\Android Studio\jre\bin\jimage.dll
0x00007ff871e60000 - 0x00007ff871e78000 	C:\Program Files\Android\Android Studio\jre\bin\zip.dll
0x00007ff885880000 - 0x00007ff886038000 	C:\Windows\System32\SHELL32.dll
0x00007ff881f80000 - 0x00007ff8827e5000 	C:\Windows\SYSTEM32\windows.storage.dll
0x00007ff884fa0000 - 0x00007ff885317000 	C:\Windows\System32\combase.dll
0x00007ff881e10000 - 0x00007ff881f76000 	C:\Windows\SYSTEM32\wintypes.dll
0x00007ff884eb0000 - 0x00007ff884f9a000 	C:\Windows\System32\SHCORE.dll
0x00007ff884ab0000 - 0x00007ff884b0d000 	C:\Windows\System32\shlwapi.dll
0x00007ff883dc0000 - 0x00007ff883de1000 	C:\Windows\SYSTEM32\profapi.dll
0x00007ff86c360000 - 0x00007ff86c37a000 	C:\Program Files\Android\Android Studio\jre\bin\net.dll
0x00007ff87d370000 - 0x00007ff87d47c000 	C:\Windows\SYSTEM32\WINHTTP.dll
0x00007ff8833b0000 - 0x00007ff883417000 	C:\Windows\system32\mswsock.dll
0x00007ff86bdf0000 - 0x00007ff86be04000 	C:\Program Files\Android\Android Studio\jre\bin\nio.dll
0x00007ff862210000 - 0x00007ff862237000 	C:\Users\ofici\.gradle\native\e1d6ef7f7dcc3fd88c89a11ec53ec762bb8ba0a96d01ffa2cd45eb1d1d8dd5c5\windows-amd64\native-platform.dll
0x00007ff8408f0000 - 0x00007ff840a34000 	C:\Users\ofici\.gradle\native\5664cfc778a61ccfe75a443a1ab52a65af34e5dc3c78e0209fed803814484fcb\windows-amd64\native-platform-file-events.dll
0x00007ff875cb0000 - 0x00007ff875cba000 	C:\Program Files\Android\Android Studio\jre\bin\management.dll
0x00007ff875c70000 - 0x00007ff875c7d000 	C:\Program Files\Android\Android Studio\jre\bin\management_ext.dll
0x00007ff883600000 - 0x00007ff883618000 	C:\Windows\SYSTEM32\CRYPTSP.dll
0x00007ff882e70000 - 0x00007ff882ea5000 	C:\Windows\system32\rsaenh.dll
0x00007ff8834a0000 - 0x00007ff8834c9000 	C:\Windows\SYSTEM32\USERENV.dll
0x00007ff883780000 - 0x00007ff8837a7000 	C:\Windows\SYSTEM32\bcrypt.dll
0x00007ff8835f0000 - 0x00007ff8835fc000 	C:\Windows\SYSTEM32\CRYPTBASE.dll
0x00007ff882a40000 - 0x00007ff882a6d000 	C:\Windows\SYSTEM32\IPHLPAPI.DLL
0x00007ff886280000 - 0x00007ff886289000 	C:\Windows\System32\NSI.dll
0x00007ff87d800000 - 0x00007ff87d819000 	C:\Windows\SYSTEM32\dhcpcsvc6.DLL
0x00007ff87db20000 - 0x00007ff87db3e000 	C:\Windows\SYSTEM32\dhcpcsvc.DLL
0x00007ff882ab0000 - 0x00007ff882b98000 	C:\Windows\SYSTEM32\DNSAPI.dll

dbghelp: loaded successfully - version: 4.0.5 - missing functions: none
symbol engine: initialized successfully - sym options: 0x614 - pdb path: .;C:\Program Files\Android\Android Studio\jre\bin;C:\Windows\SYSTEM32;C:\Windows\WinSxS\amd64_microsoft.windows.common-controls_6595b64144ccf1df_6.0.22000.120_none_9d947278b86cc467;C:\Program Files\Android\Android Studio\jre\bin\server;C:\Users\ofici\.gradle\native\e1d6ef7f7dcc3fd88c89a11ec53ec762bb8ba0a96d01ffa2cd45eb1d1d8dd5c5\windows-amd64;C:\Users\ofici\.gradle\native\5664cfc778a61ccfe75a443a1ab52a65af34e5dc3c78e0209fed803814484fcb\windows-amd64

VM Arguments:
jvm_args: --add-opens=java.base/java.util=ALL-UNNAMED --add-opens=java.base/java.lang=ALL-UNNAMED --add-opens=java.base/java.lang.invoke=ALL-UNNAMED --add-opens=java.base/java.util=ALL-UNNAMED --add-opens=java.prefs/java.util.prefs=ALL-UNNAMED --add-opens=java.prefs/java.util.prefs=ALL-UNNAMED --add-opens=java.base/java.nio.charset=ALL-UNNAMED --add-opens=java.base/java.net=ALL-UNNAMED --add-opens=java.base/java.util.concurrent.atomic=ALL-UNNAMED -Xmx2048m -Dfile.encoding=UTF-8 -Duser.country=CO -Duser.language=es -Duser.variant 
java_command: org.gradle.launcher.daemon.bootstrap.GradleDaemon 7.3.3
java_class_path (initial): C:\Users\ofici\.gradle\wrapper\dists\gradle-7.3.3-bin\6a41zxkdtcxs8rphpq6y0069z\gradle-7.3.3\lib\gradle-launcher-7.3.3.jar
Launcher Type: SUN_STANDARD

[Global flags]
     intx CICompilerCount                          = 4                                         {product} {ergonomic}
     uint ConcGCThreads                            = 2                                         {product} {ergonomic}
     uint G1ConcRefinementThreads                  = 8                                         {product} {ergonomic}
   size_t G1HeapRegionSize                         = 1048576                                   {product} {ergonomic}
    uintx GCDrainStackTargetSize                   = 64                                        {product} {ergonomic}
   size_t InitialHeapSize                          = 98566144                                  {product} {ergonomic}
   size_t MarkStackSize                            = 4194304                                   {product} {ergonomic}
   size_t MaxHeapSize                              = 2147483648                                {product} {command line}
   size_t MaxNewSize                               = 1287651328                                {product} {ergonomic}
   size_t MinHeapDeltaBytes                        = 1048576                                   {product} {ergonomic}
    uintx NonNMethodCodeHeapSize                   = 5836300                                {pd product} {ergonomic}
    uintx NonProfiledCodeHeapSize                  = 122910970                              {pd product} {ergonomic}
    uintx ProfiledCodeHeapSize                     = 122910970                              {pd product} {ergonomic}
    uintx ReservedCodeCacheSize                    = 251658240                              {pd product} {ergonomic}
     bool SegmentedCodeCache                       = true                                      {product} {ergonomic}
     bool UseCompressedClassPointers               = true                                 {lp64_product} {ergonomic}
     bool UseCompressedOops                        = true                                 {lp64_product} {ergonomic}
     bool UseG1GC                                  = true                                      {product} {ergonomic}
     bool UseLargePagesIndividualAllocation        = false                                  {pd product} {ergonomic}

Logging:
Log output configuration:
 #0: stdout all=warning uptime,level,tags
 #1: stderr all=off uptime,level,tags

Environment Variables:
PATH=C:\Windows\system32;C:\Windows;C:\Windows\System32\Wbem;C:\Windows\System32\WindowsPowerShell\v1.0\;C:\Windows\System32\OpenSSH\;C:\Users\ofici\AppData\Local\Microsoft\WindowsApps
USERNAME=ofici
OS=Windows_NT
PROCESSOR_IDENTIFIER=AMD64 Family 23 Model 104 Stepping 1, AuthenticAMD



---------------  S Y S T E M  ---------------

OS: Windows 10 , 64 bit Build 22000 (10.0.22000.708)
OS uptime: 9 days 6:10 hours

CPU:total 8 (initial active 8) (8 cores per cpu, 2 threads per core) family 23 model 104 stepping 1 microcode 0x0, cmov, cx8, fxsr, mmx, sse, sse2, sse3, ssse3, sse4.1, sse4.2, popcnt, avx, avx2, aes, clmul, mmxext, 3dnowpref, lzcnt, sse4a, ht, tsc, tscinvbit, tscinv, bmi1, bmi2, adx, sha, fma

Memory: 4k page, system-wide physical 6005M (349M free)
TotalPageFile size 24437M (AvailPageFile size 0M)
current process WorkingSet (physical memory assigned to process): 205M, peak: 240M
current process commit charge ("private bytes"): 287M, peak: 288M

vm_info: OpenJDK 64-Bit Server VM (11.0.12+7-b1504.28-7817840) for windows-amd64 JRE (11.0.12+7-b1504.28-7817840), built on Oct 13 2021 22:12:33 by "builder" with MS VC++ 14.0 (VS2015)

END.
