#
# There is insufficient memory for the Java Runtime Environment to continue.
# Native memory allocation (malloc) failed to allocate 1584656 bytes for Chunk::new
# Possible reasons:
#   The system is out of physical RAM or swap space
#   The process is running with CompressedOops enabled, and the Java Heap may be blocking the growth of the native heap
# Possible solutions:
#   Reduce memory load on the system
#   Increase physical memory or swap space
#   Check if swap backing store is full
#   Decrease Java heap size (-Xmx/-Xms)
#   Decrease number of Java threads
#   Decrease Java thread stack sizes (-Xss)
#   Set larger code cache with -XX:ReservedCodeCacheSize=
#   JVM is running with Unscaled Compressed Oops mode in which the Java heap is
#     placed in the first 4GB address space. The Java Heap base address is the
#     maximum limit for the native heap growth. Please use -XX:HeapBaseMinAddress
#     to set the Java Heap base and to place the Java Heap above 4GB virtual address.
# This output file may be truncated or incomplete.
#
#  Out of Memory Error (./src/hotspot/share/memory/arena.cpp:197), pid=117492, tid=113772
#
# JRE version: OpenJDK Runtime Environment (11.0.12+7) (build 11.0.12+7-b1504.28-7817840)
# Java VM: OpenJDK 64-Bit Server VM (11.0.12+7-b1504.28-7817840, mixed mode, tiered, compressed oops, g1 gc, windows-amd64)
# No core dump will be written. Minidumps are not enabled by default on client versions of Windows
#

---------------  S U M M A R Y ------------

Command Line: --add-opens=java.base/java.util=ALL-UNNAMED --add-opens=java.base/java.lang=ALL-UNNAMED --add-opens=java.base/java.lang.invoke=ALL-UNNAMED --add-opens=java.base/java.util=ALL-UNNAMED --add-opens=java.prefs/java.util.prefs=ALL-UNNAMED --add-opens=java.prefs/java.util.prefs=ALL-UNNAMED --add-opens=java.base/java.nio.charset=ALL-UNNAMED --add-opens=java.base/java.net=ALL-UNNAMED --add-opens=java.base/java.util.concurrent.atomic=ALL-UNNAMED -Xmx2048m -Dfile.encoding=UTF-8 -Duser.country=CO -Duser.language=es -Duser.variant org.gradle.launcher.daemon.bootstrap.GradleDaemon 7.3.3

Host: AMD Ryzen 3 5300U with Radeon Graphics         , 8 cores, 5G,  Windows 10 , 64 bit Build 22000 (10.0.22000.708)
Time: Sat Nov  5 13:26:14 2022 Hora est. Pacífico, Sudamérica elapsed time: 72.173286 seconds (0d 0h 1m 12s)

---------------  T H R E A D  ---------------

Current thread (0x00000266e7974800):  JavaThread "C2 CompilerThread0" daemon [_thread_in_native, id=113772, stack(0x000000a370700000,0x000000a370800000)]


Current CompileTask:
C2:  72173 10735   !   4       org.gradle.internal.service.DefaultServiceRegistry$ManagedObjectServiceProvider::getInstance (47 bytes)

Stack: [0x000000a370700000,0x000000a370800000]
Native frames: (J=compiled Java code, j=interpreted, Vv=VM code, C=native code)
V  [jvm.dll+0x5fbcea]
V  [jvm.dll+0x731905]
V  [jvm.dll+0x732f1d]
V  [jvm.dll+0x7335d3]
V  [jvm.dll+0x247bf8]
V  [jvm.dll+0xc018c]
V  [jvm.dll+0xc06cc]
V  [jvm.dll+0x35b2db]
V  [jvm.dll+0x328803]
V  [jvm.dll+0x327cfa]
V  [jvm.dll+0x200602]
V  [jvm.dll+0x1ff794]
V  [jvm.dll+0x18868c]
V  [jvm.dll+0x20e0d7]
V  [jvm.dll+0x20c901]
V  [jvm.dll+0x6f9b7f]
V  [jvm.dll+0x6f26a5]
V  [jvm.dll+0x5fabf6]
C  [ucrtbase.dll+0x26c0c]
C  [KERNEL32.DLL+0x154e0]
C  [ntdll.dll+0x485b]


---------------  P R O C E S S  ---------------

Threads class SMR info:
_java_thread_list=0x00000266f0634ce0, length=43, elements={
0x00000266ccb3b800, 0x00000266e6fdb000, 0x00000266e6fe8800, 0x00000266e6ff8800,
0x00000266e6ff9800, 0x00000266e6ffd800, 0x00000266e7974800, 0x00000266e7978800,
0x00000266e7984800, 0x00000266e7aef800, 0x00000266e8cf6000, 0x00000266e93bf800,
0x00000266e8e41000, 0x00000266e919d000, 0x00000266e85f9800, 0x00000266e9bc0800,
0x00000266e9bbd800, 0x00000266e9bc1800, 0x00000266e9bc4000, 0x00000266e9bbe000,
0x00000266ea276000, 0x00000266ea273800, 0x00000266ea273000, 0x00000266ea278000,
0x00000266ea278800, 0x00000266ed947800, 0x00000266ed94b000, 0x00000266ed94c800,
0x00000266ed948800, 0x00000266ed94a000, 0x00000266e8a0a800, 0x00000266e8a07800,
0x00000266ed944800, 0x00000266ed941000, 0x00000266ed943800, 0x00000266ed942000,
0x00000266ed942800, 0x00000266ed940800, 0x00000266ed93e800, 0x00000266ed945000,
0x00000266ed93f800, 0x00000266ed949800, 0x00000266ed94b800
}

Java Threads: ( => current thread )
  0x00000266ccb3b800 JavaThread "main" [_thread_blocked, id=104212, stack(0x000000a36fb00000,0x000000a36fc00000)]
  0x00000266e6fdb000 JavaThread "Reference Handler" daemon [_thread_blocked, id=79736, stack(0x000000a370200000,0x000000a370300000)]
  0x00000266e6fe8800 JavaThread "Finalizer" daemon [_thread_blocked, id=114924, stack(0x000000a370300000,0x000000a370400000)]
  0x00000266e6ff8800 JavaThread "Signal Dispatcher" daemon [_thread_blocked, id=106332, stack(0x000000a370400000,0x000000a370500000)]
  0x00000266e6ff9800 JavaThread "Attach Listener" daemon [_thread_blocked, id=113288, stack(0x000000a370500000,0x000000a370600000)]
  0x00000266e6ffd800 JavaThread "Service Thread" daemon [_thread_blocked, id=114848, stack(0x000000a370600000,0x000000a370700000)]
=>0x00000266e7974800 JavaThread "C2 CompilerThread0" daemon [_thread_in_native, id=113772, stack(0x000000a370700000,0x000000a370800000)]
  0x00000266e7978800 JavaThread "C1 CompilerThread0" daemon [_thread_blocked, id=110984, stack(0x000000a370800000,0x000000a370900000)]
  0x00000266e7984800 JavaThread "Sweeper thread" daemon [_thread_blocked, id=105284, stack(0x000000a370900000,0x000000a370a00000)]
  0x00000266e7aef800 JavaThread "Common-Cleaner" daemon [_thread_blocked, id=117184, stack(0x000000a370a00000,0x000000a370b00000)]
  0x00000266e8cf6000 JavaThread "Daemon health stats" [_thread_blocked, id=85284, stack(0x000000a370f00000,0x000000a371000000)]
  0x00000266e93bf800 JavaThread "Incoming local TCP Connector on port 49310" [_thread_in_native, id=122088, stack(0x000000a371000000,0x000000a371100000)]
  0x00000266e8e41000 JavaThread "Daemon periodic checks" [_thread_blocked, id=118572, stack(0x000000a371100000,0x000000a371200000)]
  0x00000266e919d000 JavaThread "Daemon" [_thread_blocked, id=118892, stack(0x000000a371200000,0x000000a371300000)]
  0x00000266e85f9800 JavaThread "Daemon worker" [_thread_in_native, id=109216, stack(0x000000a371500000,0x000000a371600000)]
  0x00000266e9bc0800 JavaThread "Cache worker for journal cache (C:\Users\ofici\.gradle\caches\journal-1)" [_thread_blocked, id=104420, stack(0x000000a371f00000,0x000000a372000000)]
  0x00000266e9bbd800 JavaThread "File lock request listener" [_thread_in_native, id=124744, stack(0x000000a372000000,0x000000a372100000)]
  0x00000266e9bc1800 JavaThread "Cache worker for file hash cache (C:\Users\ofici\.gradle\caches\7.3.3\fileHashes)" [_thread_blocked, id=88932, stack(0x000000a372100000,0x000000a372200000)]
  0x00000266e9bc4000 JavaThread "File watcher server" daemon [_thread_in_native, id=104012, stack(0x000000a372400000,0x000000a372500000)]
  0x00000266e9bbe000 JavaThread "File watcher consumer" daemon [_thread_blocked, id=118920, stack(0x000000a372500000,0x000000a372600000)]
  0x00000266ea276000 JavaThread "Cache worker for execution history cache (C:\Users\ofici\.gradle\caches\7.3.3\executionHistory)" [_thread_blocked, id=120872, stack(0x000000a372900000,0x000000a372a00000)]
  0x00000266ea273800 JavaThread "jar transforms" [_thread_blocked, id=107544, stack(0x000000a372a00000,0x000000a372b00000)]
  0x00000266ea273000 JavaThread "Cache worker for file content cache (C:\Users\ofici\.gradle\caches\7.3.3\fileContent)" [_thread_blocked, id=94592, stack(0x000000a372b00000,0x000000a372c00000)]
  0x00000266ea278000 JavaThread "jar transforms Thread 2" [_thread_blocked, id=123928, stack(0x000000a372c00000,0x000000a372d00000)]
  0x00000266ea278800 JavaThread "jar transforms Thread 3" [_thread_blocked, id=121616, stack(0x000000a372e00000,0x000000a372f00000)]
  0x00000266ed947800 JavaThread "jar transforms Thread 4" [_thread_blocked, id=121564, stack(0x000000a378000000,0x000000a378100000)]
  0x00000266ed94b000 JavaThread "jar transforms Thread 5" [_thread_blocked, id=87264, stack(0x000000a378100000,0x000000a378200000)]
  0x00000266ed94c800 JavaThread "jar transforms Thread 6" [_thread_blocked, id=106436, stack(0x000000a378200000,0x000000a378300000)]
  0x00000266ed948800 JavaThread "jar transforms Thread 7" [_thread_blocked, id=122152, stack(0x000000a378300000,0x000000a378400000)]
  0x00000266ed94a000 JavaThread "jar transforms Thread 8" [_thread_blocked, id=110424, stack(0x000000a378400000,0x000000a378500000)]
  0x00000266e8a0a800 JavaThread "Memory manager" [_thread_blocked, id=114764, stack(0x000000a378500000,0x000000a378600000)]
  0x00000266e8a07800 JavaThread "pool-3-thread-1" [_thread_blocked, id=122840, stack(0x000000a378700000,0x000000a378800000)]
  0x00000266ed944800 JavaThread "Handler for socket connection from /127.0.0.1:49310 to /127.0.0.1:49495" [_thread_in_native, id=103876, stack(0x000000a36f800000,0x000000a36f900000)]
  0x00000266ed941000 JavaThread "Cancel handler" [_thread_blocked, id=123980, stack(0x000000a36f900000,0x000000a36fa00000)]
  0x00000266ed943800 JavaThread "Asynchronous log dispatcher for DefaultDaemonConnection: socket connection from /127.0.0.1:49310 to /127.0.0.1:49495" [_thread_blocked, id=104400, stack(0x000000a371400000,0x000000a371500000)]
  0x00000266ed942000 JavaThread "Stdin handler" [_thread_blocked, id=118716, stack(0x000000a371600000,0x000000a371700000)]
  0x00000266ed942800 JavaThread "Daemon client event forwarder" [_thread_blocked, id=124436, stack(0x000000a371700000,0x000000a371800000)]
  0x00000266ed940800 JavaThread "Cache worker for file hash cache (C:\Users\ofici\AndroidStudioProjects\MyAppBD\.gradle\7.3.3\fileHashes)" [_thread_blocked, id=87068, stack(0x000000a371800000,0x000000a371900000)]
  0x00000266ed93e800 JavaThread "Cache worker for checksums cache (C:\Users\ofici\AndroidStudioProjects\MyAppBD\.gradle\7.3.3\checksums)" [_thread_blocked, id=123568, stack(0x000000a372300000,0x000000a372400000)]
  0x00000266ed945000 JavaThread "Cache worker for cache directory md-supplier (C:\Users\ofici\.gradle\caches\7.3.3\md-supplier)" [_thread_blocked, id=121328, stack(0x000000a372600000,0x000000a372700000)]
  0x00000266ed93f800 JavaThread "Cache worker for cache directory md-rule (C:\Users\ofici\.gradle\caches\7.3.3\md-rule)" [_thread_blocked, id=120628, stack(0x000000a372700000,0x000000a372800000)]
  0x00000266ed949800 JavaThread "Cache worker for dependencies-accessors (C:\Users\ofici\AndroidStudioProjects\MyAppBD\.gradle\7.3.3\dependencies-accessors)" [_thread_blocked, id=119412, stack(0x000000a372800000,0x000000a372900000)]
  0x00000266ed94b800 JavaThread "Cache worker for Build Output Cleanup Cache (C:\Users\ofici\AndroidStudioProjects\MyAppBD\.gradle\buildOutputCleanup)" [_thread_blocked, id=122748, stack(0x000000a372d00000,0x000000a372e00000)]

Other Threads:
  0x00000266e6fd5800 VMThread "VM Thread" [stack: 0x000000a370100000,0x000000a370200000] [id=123924]
  0x00000266e7b0e000 WatcherThread [stack: 0x000000a370b00000,0x000000a370c00000] [id=104068]
  0x00000266ccb55800 GCTaskThread "GC Thread#0" [stack: 0x000000a36fc00000,0x000000a36fd00000] [id=124716]
  0x00000266e892d800 GCTaskThread "GC Thread#1" [stack: 0x000000a370c00000,0x000000a370d00000] [id=119224]
  0x00000266e9b34000 GCTaskThread "GC Thread#2" [stack: 0x000000a371900000,0x000000a371a00000] [id=121356]
  0x00000266e9af8000 GCTaskThread "GC Thread#3" [stack: 0x000000a371a00000,0x000000a371b00000] [id=118848]
  0x00000266e9b46800 GCTaskThread "GC Thread#4" [stack: 0x000000a371b00000,0x000000a371c00000] [id=96224]
  0x00000266e9b47000 GCTaskThread "GC Thread#5" [stack: 0x000000a371c00000,0x000000a371d00000] [id=79700]
  0x00000266e9b48000 GCTaskThread "GC Thread#6" [stack: 0x000000a371d00000,0x000000a371e00000] [id=86668]
  0x00000266e9b48800 GCTaskThread "GC Thread#7" [stack: 0x000000a371e00000,0x000000a371f00000] [id=121796]
  0x00000266ccb86800 ConcurrentGCThread "G1 Main Marker" [stack: 0x000000a36fd00000,0x000000a36fe00000] [id=98112]
  0x00000266ccb89000 ConcurrentGCThread "G1 Conc#0" [stack: 0x000000a36fe00000,0x000000a36ff00000] [id=117628]
  0x00000266e9b5b000 ConcurrentGCThread "G1 Conc#1" [stack: 0x000000a372200000,0x000000a372300000] [id=120896]
  0x00000266ccc1e000 ConcurrentGCThread "G1 Refine#0" [stack: 0x000000a36ff00000,0x000000a370000000] [id=124808]
  0x00000266e7e69000 ConcurrentGCThread "G1 Refine#1" [stack: 0x000000a370d00000,0x000000a370e00000] [id=94888]
  0x00000266e90af000 ConcurrentGCThread "G1 Refine#2" [stack: 0x000000a370e00000,0x000000a370f00000] [id=94892]
  0x00000266e6e24800 ConcurrentGCThread "G1 Young RemSet Sampling" [stack: 0x000000a370000000,0x000000a370100000] [id=123304]

Threads with active compile tasks:
C2 CompilerThread0  72238 10735   !   4       org.gradle.internal.service.DefaultServiceRegistry$ManagedObjectServiceProvider::getInstance (47 bytes)
C1 CompilerThread0  72238 10900       3       org.gradle.api.internal.artifacts.ivyservice.ivyresolve.RepositoryChainComponentMetaDataResolver::resolveModule (277 bytes)

VM state:not at safepoint (normal execution)

VM Mutex/Monitor currently owned by a thread: None

Heap address: 0x0000000080000000, size: 2048 MB, Compressed Oops mode: 32-bit
Narrow klass base: 0x0000000000000000, Narrow klass shift: 3
Compressed class space size: 1073741824 Address: 0x0000000100000000

Heap:
 garbage-first heap   total 115712K, used 91146K [0x0000000080000000, 0x0000000100000000)
  region size 1024K, 16 young (16384K), 2 survivors (2048K)
 Metaspace       used 89444K, capacity 91528K, committed 91776K, reserved 1128448K
  class space    used 11327K, capacity 12134K, committed 12160K, reserved 1048576K
Heap Regions: E=young(eden), S=young(survivor), O=old, HS=humongous(starts), HC=humongous(continues), CS=collection set, F=free, A=archive, TAMS=top-at-mark-start (previous, next)
|   0|0x0000000080000000, 0x0000000080100000, 0x0000000080100000|100%| O|  |TAMS 0x0000000080100000, 0x0000000080000000| Untracked 
|   1|0x0000000080100000, 0x0000000080200000, 0x0000000080200000|100%| O|  |TAMS 0x0000000080200000, 0x0000000080100000| Untracked 
|   2|0x0000000080200000, 0x0000000080300000, 0x0000000080300000|100%| O|  |TAMS 0x0000000080300000, 0x0000000080200000| Untracked 
|   3|0x0000000080300000, 0x0000000080400000, 0x0000000080400000|100%|HS|  |TAMS 0x0000000080400000, 0x0000000080300000| Complete 
|   4|0x0000000080400000, 0x0000000080500000, 0x0000000080500000|100%|HC|  |TAMS 0x0000000080500000, 0x0000000080400000| Complete 
|   5|0x0000000080500000, 0x0000000080600000, 0x0000000080600000|100%|HC|  |TAMS 0x0000000080600000, 0x0000000080500000| Complete 
|   6|0x0000000080600000, 0x0000000080700000, 0x0000000080700000|100%| O|  |TAMS 0x0000000080700000, 0x0000000080600000| Untracked 
|   7|0x0000000080700000, 0x0000000080800000, 0x0000000080800000|100%| O|  |TAMS 0x0000000080800000, 0x0000000080700000| Untracked 
|   8|0x0000000080800000, 0x0000000080900000, 0x0000000080900000|100%| O|  |TAMS 0x0000000080900000, 0x0000000080800000| Untracked 
|   9|0x0000000080900000, 0x0000000080a00000, 0x0000000080a00000|100%| O|  |TAMS 0x0000000080a00000, 0x0000000080900000| Untracked 
|  10|0x0000000080a00000, 0x0000000080b00000, 0x0000000080b00000|100%| O|  |TAMS 0x0000000080b00000, 0x0000000080a00000| Untracked 
|  11|0x0000000080b00000, 0x0000000080c00000, 0x0000000080c00000|100%| O|  |TAMS 0x0000000080c00000, 0x0000000080b00000| Untracked 
|  12|0x0000000080c00000, 0x0000000080d00000, 0x0000000080d00000|100%| O|  |TAMS 0x0000000080d00000, 0x0000000080c00000| Untracked 
|  13|0x0000000080d00000, 0x0000000080e00000, 0x0000000080e00000|100%| O|  |TAMS 0x0000000080e00000, 0x0000000080d00000| Untracked 
|  14|0x0000000080e00000, 0x0000000080f00000, 0x0000000080f00000|100%| O|  |TAMS 0x0000000080f00000, 0x0000000080e00000| Untracked 
|  15|0x0000000080f00000, 0x0000000081000000, 0x0000000081000000|100%| O|  |TAMS 0x0000000081000000, 0x0000000080f00000| Untracked 
|  16|0x0000000081000000, 0x0000000081100000, 0x0000000081100000|100%| O|  |TAMS 0x0000000081100000, 0x0000000081000000| Untracked 
|  17|0x0000000081100000, 0x0000000081200000, 0x0000000081200000|100%| O|  |TAMS 0x0000000081200000, 0x0000000081100000| Untracked 
|  18|0x0000000081200000, 0x0000000081300000, 0x0000000081300000|100%| O|  |TAMS 0x0000000081300000, 0x0000000081200000| Untracked 
|  19|0x0000000081300000, 0x0000000081400000, 0x0000000081400000|100%| O|  |TAMS 0x0000000081400000, 0x0000000081300000| Untracked 
|  20|0x0000000081400000, 0x0000000081500000, 0x0000000081500000|100%| O|  |TAMS 0x0000000081500000, 0x0000000081400000| Untracked 
|  21|0x0000000081500000, 0x0000000081600000, 0x0000000081600000|100%| O|  |TAMS 0x0000000081600000, 0x0000000081500000| Untracked 
|  22|0x0000000081600000, 0x0000000081700000, 0x0000000081700000|100%|HS|  |TAMS 0x0000000081700000, 0x0000000081600000| Complete 
|  23|0x0000000081700000, 0x0000000081800000, 0x0000000081800000|100%| O|  |TAMS 0x0000000081800000, 0x0000000081700000| Untracked 
|  24|0x0000000081800000, 0x0000000081900000, 0x0000000081900000|100%| O|  |TAMS 0x0000000081900000, 0x0000000081800000| Untracked 
|  25|0x0000000081900000, 0x0000000081a00000, 0x0000000081a00000|100%| O|  |TAMS 0x0000000081a00000, 0x0000000081900000| Untracked 
|  26|0x0000000081a00000, 0x0000000081b00000, 0x0000000081b00000|100%| O|  |TAMS 0x0000000081b00000, 0x0000000081a00000| Untracked 
|  27|0x0000000081b00000, 0x0000000081c00000, 0x0000000081c00000|100%| O|  |TAMS 0x0000000081c00000, 0x0000000081b00000| Untracked 
|  28|0x0000000081c00000, 0x0000000081d00000, 0x0000000081d00000|100%| O|  |TAMS 0x0000000081d00000, 0x0000000081c00000| Untracked 
|  29|0x0000000081d00000, 0x0000000081e00000, 0x0000000081e00000|100%|HS|  |TAMS 0x0000000081e00000, 0x0000000081d00000| Complete 
|  30|0x0000000081e00000, 0x0000000081f00000, 0x0000000081f00000|100%|HS|  |TAMS 0x0000000081f00000, 0x0000000081e00000| Complete 
|  31|0x0000000081f00000, 0x0000000082000000, 0x0000000082000000|100%|HC|  |TAMS 0x0000000082000000, 0x0000000081f00000| Complete 
|  32|0x0000000082000000, 0x0000000082100000, 0x0000000082100000|100%| O|  |TAMS 0x0000000082100000, 0x0000000082000000| Untracked 
|  33|0x0000000082100000, 0x0000000082200000, 0x0000000082200000|100%| O|  |TAMS 0x0000000082200000, 0x0000000082100000| Untracked 
|  34|0x0000000082200000, 0x0000000082300000, 0x0000000082300000|100%| O|  |TAMS 0x0000000082300000, 0x0000000082200000| Untracked 
|  35|0x0000000082300000, 0x0000000082400000, 0x0000000082400000|100%| O|  |TAMS 0x0000000082400000, 0x0000000082300000| Untracked 
|  36|0x0000000082400000, 0x0000000082500000, 0x0000000082500000|100%| O|  |TAMS 0x0000000082500000, 0x0000000082400000| Untracked 
|  37|0x0000000082500000, 0x0000000082600000, 0x0000000082600000|100%| O|  |TAMS 0x0000000082600000, 0x0000000082500000| Untracked 
|  38|0x0000000082600000, 0x0000000082700000, 0x0000000082700000|100%| O|  |TAMS 0x0000000082700000, 0x0000000082600000| Untracked 
|  39|0x0000000082700000, 0x0000000082800000, 0x0000000082800000|100%| O|  |TAMS 0x0000000082800000, 0x0000000082700000| Untracked 
|  40|0x0000000082800000, 0x0000000082900000, 0x0000000082900000|100%| O|  |TAMS 0x0000000082900000, 0x0000000082800000| Untracked 
|  41|0x0000000082900000, 0x0000000082a00000, 0x0000000082a00000|100%| O|  |TAMS 0x0000000082a00000, 0x0000000082900000| Untracked 
|  42|0x0000000082a00000, 0x0000000082b00000, 0x0000000082b00000|100%| O|  |TAMS 0x0000000082b00000, 0x0000000082a00000| Untracked 
|  43|0x0000000082b00000, 0x0000000082c00000, 0x0000000082c00000|100%| O|  |TAMS 0x0000000082c00000, 0x0000000082b00000| Untracked 
|  44|0x0000000082c00000, 0x0000000082d00000, 0x0000000082d00000|100%| O|  |TAMS 0x0000000082d00000, 0x0000000082c00000| Untracked 
|  45|0x0000000082d00000, 0x0000000082e00000, 0x0000000082e00000|100%| O|  |TAMS 0x0000000082e00000, 0x0000000082d00000| Untracked 
|  46|0x0000000082e00000, 0x0000000082f00000, 0x0000000082f00000|100%| O|  |TAMS 0x0000000082f00000, 0x0000000082e00000| Untracked 
|  47|0x0000000082f00000, 0x0000000083000000, 0x0000000083000000|100%| O|  |TAMS 0x0000000083000000, 0x0000000082f00000| Untracked 
|  48|0x0000000083000000, 0x0000000083100000, 0x0000000083100000|100%| O|  |TAMS 0x0000000083100000, 0x0000000083000000| Untracked 
|  49|0x0000000083100000, 0x0000000083200000, 0x0000000083200000|100%| O|  |TAMS 0x0000000083200000, 0x0000000083100000| Untracked 
|  50|0x0000000083200000, 0x0000000083300000, 0x0000000083300000|100%| O|  |TAMS 0x0000000083300000, 0x0000000083200000| Untracked 
|  51|0x0000000083300000, 0x0000000083400000, 0x0000000083400000|100%| O|  |TAMS 0x0000000083400000, 0x0000000083300000| Untracked 
|  52|0x0000000083400000, 0x0000000083500000, 0x0000000083500000|100%| O|  |TAMS 0x0000000083500000, 0x0000000083400000| Untracked 
|  53|0x0000000083500000, 0x0000000083600000, 0x0000000083600000|100%| O|  |TAMS 0x0000000083600000, 0x0000000083500000| Untracked 
|  54|0x0000000083600000, 0x0000000083700000, 0x0000000083700000|100%| O|  |TAMS 0x0000000083700000, 0x0000000083600000| Untracked 
|  55|0x0000000083700000, 0x0000000083800000, 0x0000000083800000|100%| O|  |TAMS 0x0000000083800000, 0x0000000083700000| Untracked 
|  56|0x0000000083800000, 0x0000000083900000, 0x0000000083900000|100%| O|  |TAMS 0x0000000083900000, 0x0000000083800000| Untracked 
|  57|0x0000000083900000, 0x0000000083a00000, 0x0000000083a00000|100%| O|  |TAMS 0x0000000083a00000, 0x0000000083900000| Untracked 
|  58|0x0000000083a00000, 0x0000000083b00000, 0x0000000083b00000|100%| O|  |TAMS 0x0000000083b00000, 0x0000000083a00000| Untracked 
|  59|0x0000000083b00000, 0x0000000083c00000, 0x0000000083c00000|100%| O|  |TAMS 0x0000000083c00000, 0x0000000083b00000| Untracked 
|  60|0x0000000083c00000, 0x0000000083d00000, 0x0000000083d00000|100%| O|  |TAMS 0x0000000083d00000, 0x0000000083c00000| Untracked 
|  61|0x0000000083d00000, 0x0000000083e00000, 0x0000000083e00000|100%| O|  |TAMS 0x0000000083e00000, 0x0000000083d00000| Untracked 
|  62|0x0000000083e00000, 0x0000000083f00000, 0x0000000083f00000|100%| O|  |TAMS 0x0000000083f00000, 0x0000000083e00000| Untracked 
|  63|0x0000000083f00000, 0x0000000084000000, 0x0000000084000000|100%| O|  |TAMS 0x0000000084000000, 0x0000000083f00000| Untracked 
|  64|0x0000000084000000, 0x0000000084100000, 0x0000000084100000|100%| O|  |TAMS 0x0000000084100000, 0x0000000084000000| Untracked 
|  65|0x0000000084100000, 0x0000000084200000, 0x0000000084200000|100%| O|  |TAMS 0x0000000084200000, 0x0000000084100000| Untracked 
|  66|0x0000000084200000, 0x0000000084300000, 0x0000000084300000|100%| O|  |TAMS 0x0000000084300000, 0x0000000084200000| Untracked 
|  67|0x0000000084300000, 0x0000000084400000, 0x0000000084400000|100%| O|  |TAMS 0x0000000084400000, 0x0000000084300000| Untracked 
|  68|0x0000000084400000, 0x0000000084500000, 0x0000000084500000|100%| O|  |TAMS 0x0000000084500000, 0x0000000084400000| Untracked 
|  69|0x0000000084500000, 0x0000000084600000, 0x0000000084600000|100%| O|  |TAMS 0x0000000084600000, 0x0000000084500000| Untracked 
|  70|0x0000000084600000, 0x0000000084700000, 0x0000000084700000|100%| O|  |TAMS 0x0000000084700000, 0x0000000084600000| Untracked 
|  71|0x0000000084700000, 0x0000000084800000, 0x0000000084800000|100%| O|  |TAMS 0x0000000084800000, 0x0000000084700000| Untracked 
|  72|0x0000000084800000, 0x0000000084900000, 0x0000000084900000|100%| O|  |TAMS 0x0000000084900000, 0x0000000084800000| Untracked 
|  73|0x0000000084900000, 0x0000000084a00000, 0x0000000084a00000|100%| O|  |TAMS 0x0000000084a00000, 0x0000000084900000| Untracked 
|  74|0x0000000084a00000, 0x0000000084b00000, 0x0000000084b00000|100%| O|  |TAMS 0x0000000084b00000, 0x0000000084a00000| Untracked 
|  75|0x0000000084b00000, 0x0000000084b5e400, 0x0000000084c00000| 36%| O|  |TAMS 0x0000000084b5e400, 0x0000000084b00000| Untracked 
|  76|0x0000000084c00000, 0x0000000084c00000, 0x0000000084d00000|  0%| F|  |TAMS 0x0000000084c00000, 0x0000000084c00000| Untracked 
|  77|0x0000000084d00000, 0x0000000084d00000, 0x0000000084e00000|  0%| F|  |TAMS 0x0000000084d00000, 0x0000000084d00000| Untracked 
|  78|0x0000000084e00000, 0x0000000084e00000, 0x0000000084f00000|  0%| F|  |TAMS 0x0000000084e00000, 0x0000000084e00000| Untracked 
|  79|0x0000000084f00000, 0x0000000084f00000, 0x0000000085000000|  0%| F|  |TAMS 0x0000000084f00000, 0x0000000084f00000| Untracked 
|  80|0x0000000085000000, 0x0000000085000000, 0x0000000085100000|  0%| F|  |TAMS 0x0000000085000000, 0x0000000085000000| Untracked 
|  81|0x0000000085100000, 0x0000000085100000, 0x0000000085200000|  0%| F|  |TAMS 0x0000000085100000, 0x0000000085100000| Untracked 
|  82|0x0000000085200000, 0x0000000085200000, 0x0000000085300000|  0%| F|  |TAMS 0x0000000085200000, 0x0000000085200000| Untracked 
|  83|0x0000000085300000, 0x0000000085300000, 0x0000000085400000|  0%| F|  |TAMS 0x0000000085300000, 0x0000000085300000| Untracked 
|  84|0x0000000085400000, 0x0000000085400000, 0x0000000085500000|  0%| F|  |TAMS 0x0000000085400000, 0x0000000085400000| Untracked 
|  85|0x0000000085500000, 0x0000000085500000, 0x0000000085600000|  0%| F|  |TAMS 0x0000000085500000, 0x0000000085500000| Untracked 
|  86|0x0000000085600000, 0x0000000085600000, 0x0000000085700000|  0%| F|  |TAMS 0x0000000085600000, 0x0000000085600000| Untracked 
|  87|0x0000000085700000, 0x0000000085700000, 0x0000000085800000|  0%| F|  |TAMS 0x0000000085700000, 0x0000000085700000| Untracked 
|  88|0x0000000085800000, 0x0000000085800000, 0x0000000085900000|  0%| F|  |TAMS 0x0000000085800000, 0x0000000085800000| Untracked 
|  89|0x0000000085900000, 0x0000000085900000, 0x0000000085a00000|  0%| F|  |TAMS 0x0000000085900000, 0x0000000085900000| Untracked 
|  90|0x0000000085a00000, 0x0000000085a00000, 0x0000000085b00000|  0%| F|  |TAMS 0x0000000085a00000, 0x0000000085a00000| Untracked 
|  91|0x0000000085b00000, 0x0000000085b00000, 0x0000000085c00000|  0%| F|  |TAMS 0x0000000085b00000, 0x0000000085b00000| Untracked 
|  92|0x0000000085c00000, 0x0000000085ca4580, 0x0000000085d00000| 64%| S|CS|TAMS 0x0000000085c00000, 0x0000000085c00000| Complete 
|  93|0x0000000085d00000, 0x0000000085d00000, 0x0000000085e00000|  0%| F|  |TAMS 0x0000000085d00000, 0x0000000085d00000| Untracked 
|  94|0x0000000085e00000, 0x0000000085f00000, 0x0000000085f00000|100%| S|CS|TAMS 0x0000000085e00000, 0x0000000085e00000| Complete 
|  95|0x0000000085f00000, 0x0000000085f00000, 0x0000000086000000|  0%| F|  |TAMS 0x0000000085f00000, 0x0000000085f00000| Untracked 
|  96|0x0000000086000000, 0x0000000086000000, 0x0000000086100000|  0%| F|  |TAMS 0x0000000086000000, 0x0000000086000000| Untracked 
|  97|0x0000000086100000, 0x0000000086100000, 0x0000000086200000|  0%| F|  |TAMS 0x0000000086100000, 0x0000000086100000| Untracked 
|  98|0x0000000086200000, 0x0000000086200000, 0x0000000086300000|  0%| F|  |TAMS 0x0000000086200000, 0x0000000086200000| Untracked 
|  99|0x0000000086300000, 0x00000000863cde68, 0x0000000086400000| 80%| E|  |TAMS 0x0000000086300000, 0x0000000086300000| Complete 
| 100|0x0000000086400000, 0x0000000086500000, 0x0000000086500000|100%| E|CS|TAMS 0x0000000086400000, 0x0000000086400000| Complete 
| 101|0x0000000086500000, 0x0000000086600000, 0x0000000086600000|100%| E|CS|TAMS 0x0000000086500000, 0x0000000086500000| Complete 
| 102|0x0000000086600000, 0x0000000086700000, 0x0000000086700000|100%| E|CS|TAMS 0x0000000086600000, 0x0000000086600000| Complete 
| 103|0x0000000086700000, 0x0000000086800000, 0x0000000086800000|100%| E|  |TAMS 0x0000000086700000, 0x0000000086700000| Complete 
| 104|0x0000000086800000, 0x0000000086900000, 0x0000000086900000|100%| E|CS|TAMS 0x0000000086800000, 0x0000000086800000| Complete 
| 105|0x0000000086900000, 0x0000000086a00000, 0x0000000086a00000|100%| E|CS|TAMS 0x0000000086900000, 0x0000000086900000| Complete 
| 106|0x0000000086a00000, 0x0000000086b00000, 0x0000000086b00000|100%| E|CS|TAMS 0x0000000086a00000, 0x0000000086a00000| Complete 
| 107|0x0000000086b00000, 0x0000000086c00000, 0x0000000086c00000|100%| E|CS|TAMS 0x0000000086b00000, 0x0000000086b00000| Complete 
| 108|0x0000000086c00000, 0x0000000086d00000, 0x0000000086d00000|100%| E|CS|TAMS 0x0000000086c00000, 0x0000000086c00000| Complete 
| 109|0x0000000086d00000, 0x0000000086e00000, 0x0000000086e00000|100%| E|CS|TAMS 0x0000000086d00000, 0x0000000086d00000| Complete 
| 110|0x0000000086e00000, 0x0000000086f00000, 0x0000000086f00000|100%| E|CS|TAMS 0x0000000086e00000, 0x0000000086e00000| Complete 
| 111|0x0000000086f00000, 0x0000000087000000, 0x0000000087000000|100%| E|CS|TAMS 0x0000000086f00000, 0x0000000086f00000| Complete 
| 112|0x0000000087000000, 0x0000000087100000, 0x0000000087100000|100%| E|CS|TAMS 0x0000000087000000, 0x0000000087000000| Complete 

Card table byte_map: [0x00000266dfd80000,0x00000266e0180000] _byte_map_base: 0x00000266df980000

Marking Bits (Prev, Next): (CMBitMap*) 0x00000266ccb7ddb8, (CMBitMap*) 0x00000266ccb7ddf0
 Prev Bits: [0x00000266e0580000, 0x00000266e2580000)
 Next Bits: [0x00000266e2580000, 0x00000266e4580000)

Polling page: 0x00000266cc320000

Metaspace:

Usage:
  Non-class:     77.54 MB capacity,    76.29 MB ( 98%) used,  1019.44 KB (  1%) free+waste,   251.88 KB ( <1%) overhead. 
      Class:     11.85 MB capacity,    11.06 MB ( 93%) used,   695.20 KB (  6%) free+waste,   111.38 KB ( <1%) overhead. 
       Both:     89.38 MB capacity,    87.36 MB ( 98%) used,     1.67 MB (  2%) free+waste,   363.25 KB ( <1%) overhead. 

Virtual space:
  Non-class space:       78.00 MB reserved,      77.75 MB (>99%) committed 
      Class space:        1.00 GB reserved,      11.88 MB (  1%) committed 
             Both:        1.08 GB reserved,      89.63 MB (  8%) committed 

Chunk freelists:
   Non-Class:  28.00 KB
       Class:  0 bytes
        Both:  28.00 KB

MaxMetaspaceSize: 17179869184.00 GB
CompressedClassSpaceSize: 1.00 GB
Initial GC threshold: 20.80 MB
Current GC threshold: 148.13 MB
CDS: off

CodeHeap 'non-profiled nmethods': size=120000Kb used=5769Kb max_used=5769Kb free=114230Kb
 bounds [0x00000266d8120000, 0x00000266d86d0000, 0x00000266df650000]
CodeHeap 'profiled nmethods': size=120000Kb used=22828Kb max_used=22828Kb free=97171Kb
 bounds [0x00000266d0bf0000, 0x00000266d2240000, 0x00000266d8120000]
CodeHeap 'non-nmethods': size=5760Kb used=2365Kb max_used=2422Kb free=3395Kb
 bounds [0x00000266d0650000, 0x00000266d08c0000, 0x00000266d0bf0000]
 total_blobs=11663 nmethods=10784 adapters=791
 compilation: enabled
              stopped_count=0, restarted_count=0
 full_count=0

Compilation events (20 events):
Event: 72.132 Thread 0x00000266e7978800 10877       3       org.gradle.api.internal.artifacts.ivyservice.resolveengine.ComponentResolversChain$ComponentMetaDataResolverChain::isFetchingMetadataCheap (46 bytes)
Event: 72.132 Thread 0x00000266e7978800 nmethod 10877 0x00000266d2214110 code [0x00000266d2214320, 0x00000266d2214938]
Event: 72.132 Thread 0x00000266e7978800 10873       3       org.gradle.api.internal.artifacts.ivyservice.resolveengine.graph.builder.ModuleSelectors::requiredVersion (25 bytes)
Event: 72.132 Thread 0x00000266e7978800 nmethod 10873 0x00000266d2214b10 code [0x00000266d2214d80, 0x00000266d22157c8]
Event: 72.132 Thread 0x00000266e7978800 10876       3       org.gradle.api.internal.artifacts.ivyservice.resolveengine.graph.conflicts.DefaultConflictHandler::registerCandidate (53 bytes)
Event: 72.141 Thread 0x00000266e7978800 nmethod 10876 0x00000266d2215b10 code [0x00000266d2215d60, 0x00000266d2216448]
Event: 72.143 Thread 0x00000266e7978800 10878       3       org.gradle.api.internal.artifacts.ivyservice.resolveengine.graph.builder.ComponentState::tryResolveVirtualPlatform (92 bytes)
Event: 72.145 Thread 0x00000266e7978800 nmethod 10878 0x00000266d2216790 code [0x00000266d2216a40, 0x00000266d22177b8]
Event: 72.154 Thread 0x00000266e7978800 10879       3       org.gradle.api.internal.artifacts.ivyservice.resolveengine.graph.builder.NodeState::intersectEdgeExclusions (40 bytes)
Event: 72.155 Thread 0x00000266e7978800 nmethod 10879 0x00000266d2217b90 code [0x00000266d2217d80, 0x00000266d2218198]
Event: 72.155 Thread 0x00000266e7978800 10880       3       org.gradle.api.internal.artifacts.ivyservice.resolveengine.graph.builder.NodeState::joinNodeExclusions (27 bytes)
Event: 72.155 Thread 0x00000266e7978800 nmethod 10880 0x00000266d2218310 code [0x00000266d22184e0, 0x00000266d2218858]
Event: 72.157 Thread 0x00000266e7978800 10881       3       org.gradle.api.internal.artifacts.ivyservice.resolveengine.graph.builder.NodeState::cacheDependencyStates (68 bytes)
Event: 72.158 Thread 0x00000266e7978800 nmethod 10881 0x00000266d2218990 code [0x00000266d2218ca0, 0x00000266d221a038]
Event: 72.158 Thread 0x00000266e7978800 10882       3       org.gradle.api.internal.artifacts.ivyservice.resolveengine.graph.builder.NodeState::cacheFilteredDependencyStates (102 bytes)
Event: 72.160 Thread 0x00000266e7978800 nmethod 10882 0x00000266d221a710 code [0x00000266d221aa00, 0x00000266d221b998]
Event: 72.160 Thread 0x00000266e7978800 10883       3       org.gradle.api.internal.artifacts.ivyservice.resolveengine.graph.builder.ModuleSelectors::add (69 bytes)
Event: 72.160 Thread 0x00000266e7978800 nmethod 10883 0x00000266d221bf10 code [0x00000266d221c140, 0x00000266d221c7b8]
Event: 72.160 Thread 0x00000266e7978800 10884   !   3       org.gradle.api.internal.artifacts.ivyservice.resolveengine.graph.builder.ModuleResolveState::appendAttributes (67 bytes)
Event: 72.161 Thread 0x00000266e7978800 nmethod 10884 0x00000266d221c990 code [0x00000266d221cbc0, 0x00000266d221d368]

GC Heap History (20 events):
Event: 18.406 GC heap before
{Heap before GC invocations=34 (full 0):
 garbage-first heap   total 96256K, used 79489K [0x0000000080000000, 0x0000000100000000)
  region size 1024K, 18 young (18432K), 3 survivors (3072K)
 Metaspace       used 82656K, capacity 84578K, committed 84736K, reserved 1122304K
  class space    used 10723K, capacity 11424K, committed 11520K, reserved 1048576K
}
Event: 18.421 GC heap after
{Heap after GC invocations=35 (full 0):
 garbage-first heap   total 115712K, used 66683K [0x0000000080000000, 0x0000000100000000)
  region size 1024K, 2 young (2048K), 2 survivors (2048K)
 Metaspace       used 82656K, capacity 84578K, committed 84736K, reserved 1122304K
  class space    used 10723K, capacity 11424K, committed 11520K, reserved 1048576K
}
Event: 20.018 GC heap before
{Heap before GC invocations=35 (full 0):
 garbage-first heap   total 115712K, used 87163K [0x0000000080000000, 0x0000000100000000)
  region size 1024K, 23 young (23552K), 2 survivors (2048K)
 Metaspace       used 83900K, capacity 85912K, committed 86272K, reserved 1124352K
  class space    used 10907K, capacity 11671K, committed 11776K, reserved 1048576K
}
Event: 20.025 GC heap after
{Heap after GC invocations=36 (full 0):
 garbage-first heap   total 115712K, used 68832K [0x0000000080000000, 0x0000000100000000)
  region size 1024K, 3 young (3072K), 3 survivors (3072K)
 Metaspace       used 83900K, capacity 85912K, committed 86272K, reserved 1124352K
  class space    used 10907K, capacity 11671K, committed 11776K, reserved 1048576K
}
Event: 21.281 GC heap before
{Heap before GC invocations=37 (full 0):
 garbage-first heap   total 115712K, used 88288K [0x0000000080000000, 0x0000000100000000)
  region size 1024K, 23 young (23552K), 3 survivors (3072K)
 Metaspace       used 84089K, capacity 86125K, committed 86272K, reserved 1124352K
  class space    used 10909K, capacity 11673K, committed 11776K, reserved 1048576K
}
Event: 21.285 GC heap after
{Heap after GC invocations=38 (full 0):
 garbage-first heap   total 115712K, used 69904K [0x0000000080000000, 0x0000000100000000)
  region size 1024K, 2 young (2048K), 2 survivors (2048K)
 Metaspace       used 84089K, capacity 86125K, committed 86272K, reserved 1124352K
  class space    used 10909K, capacity 11673K, committed 11776K, reserved 1048576K
}
Event: 21.692 GC heap before
{Heap before GC invocations=38 (full 0):
 garbage-first heap   total 115712K, used 90384K [0x0000000080000000, 0x0000000100000000)
  region size 1024K, 23 young (23552K), 2 survivors (2048K)
 Metaspace       used 84300K, capacity 86364K, committed 86528K, reserved 1124352K
  class space    used 10919K, capacity 11684K, committed 11776K, reserved 1048576K
}
Event: 21.698 GC heap after
{Heap after GC invocations=39 (full 0):
 garbage-first heap   total 115712K, used 71424K [0x0000000080000000, 0x0000000100000000)
  region size 1024K, 3 young (3072K), 3 survivors (3072K)
 Metaspace       used 84300K, capacity 86364K, committed 86528K, reserved 1124352K
  class space    used 10919K, capacity 11684K, committed 11776K, reserved 1048576K
}
Event: 22.430 GC heap before
{Heap before GC invocations=40 (full 0):
 garbage-first heap   total 115712K, used 91904K [0x0000000080000000, 0x0000000100000000)
  region size 1024K, 24 young (24576K), 3 survivors (3072K)
 Metaspace       used 84673K, capacity 86734K, committed 86784K, reserved 1124352K
  class space    used 10945K, capacity 11745K, committed 11776K, reserved 1048576K
}
Event: 22.436 GC heap after
{Heap after GC invocations=41 (full 0):
 garbage-first heap   total 115712K, used 73441K [0x0000000080000000, 0x0000000100000000)
  region size 1024K, 3 young (3072K), 3 survivors (3072K)
 Metaspace       used 84673K, capacity 86734K, committed 86784K, reserved 1124352K
  class space    used 10945K, capacity 11745K, committed 11776K, reserved 1048576K
}
Event: 23.070 GC heap before
{Heap before GC invocations=41 (full 0):
 garbage-first heap   total 115712K, used 92897K [0x0000000080000000, 0x0000000100000000)
  region size 1024K, 23 young (23552K), 3 survivors (3072K)
 Metaspace       used 85062K, capacity 87111K, committed 87296K, reserved 1124352K
  class space    used 10967K, capacity 11751K, committed 11776K, reserved 1048576K
}
Event: 23.076 GC heap after
{Heap after GC invocations=42 (full 0):
 garbage-first heap   total 115712K, used 74820K [0x0000000080000000, 0x0000000100000000)
  region size 1024K, 2 young (2048K), 2 survivors (2048K)
 Metaspace       used 85062K, capacity 87111K, committed 87296K, reserved 1124352K
  class space    used 10967K, capacity 11751K, committed 11776K, reserved 1048576K
}
Event: 24.169 GC heap before
{Heap before GC invocations=43 (full 0):
 garbage-first heap   total 115712K, used 94276K [0x0000000080000000, 0x0000000100000000)
  region size 1024K, 22 young (22528K), 2 survivors (2048K)
 Metaspace       used 85249K, capacity 87325K, committed 87680K, reserved 1124352K
  class space    used 10980K, capacity 11794K, committed 11904K, reserved 1048576K
}
Event: 24.174 GC heap after
{Heap after GC invocations=44 (full 0):
 garbage-first heap   total 115712K, used 76022K [0x0000000080000000, 0x0000000100000000)
  region size 1024K, 3 young (3072K), 3 survivors (3072K)
 Metaspace       used 85249K, capacity 87325K, committed 87680K, reserved 1124352K
  class space    used 10980K, capacity 11794K, committed 11904K, reserved 1048576K
}
Event: 25.026 GC heap before
{Heap before GC invocations=44 (full 0):
 garbage-first heap   total 115712K, used 95478K [0x0000000080000000, 0x0000000100000000)
  region size 1024K, 23 young (23552K), 3 survivors (3072K)
 Metaspace       used 85289K, capacity 87334K, committed 87680K, reserved 1124352K
  class space    used 10981K, capacity 11795K, committed 11904K, reserved 1048576K
}
Event: 25.032 GC heap after
{Heap after GC invocations=45 (full 0):
 garbage-first heap   total 115712K, used 77239K [0x0000000080000000, 0x0000000100000000)
  region size 1024K, 3 young (3072K), 3 survivors (3072K)
 Metaspace       used 85289K, capacity 87334K, committed 87680K, reserved 1124352K
  class space    used 10981K, capacity 11795K, committed 11904K, reserved 1048576K
}
Event: 26.190 GC heap before
{Heap before GC invocations=46 (full 0):
 garbage-first heap   total 115712K, used 95671K [0x0000000080000000, 0x0000000100000000)
  region size 1024K, 22 young (22528K), 3 survivors (3072K)
 Metaspace       used 85316K, capacity 87341K, committed 87680K, reserved 1124352K
  class space    used 10982K, capacity 11797K, committed 11904K, reserved 1048576K
}
Event: 26.195 GC heap after
{Heap after GC invocations=47 (full 0):
 garbage-first heap   total 115712K, used 78312K [0x0000000080000000, 0x0000000100000000)
  region size 1024K, 3 young (3072K), 3 survivors (3072K)
 Metaspace       used 85316K, capacity 87341K, committed 87680K, reserved 1124352K
  class space    used 10982K, capacity 11797K, committed 11904K, reserved 1048576K
}
Event: 27.235 GC heap before
{Heap before GC invocations=47 (full 0):
 garbage-first heap   total 115712K, used 95720K [0x0000000080000000, 0x0000000100000000)
  region size 1024K, 21 young (21504K), 3 survivors (3072K)
 Metaspace       used 88132K, capacity 90256K, committed 90496K, reserved 1128448K
  class space    used 11254K, capacity 12062K, committed 12160K, reserved 1048576K
}
Event: 27.241 GC heap after
{Heap after GC invocations=48 (full 0):
 garbage-first heap   total 115712K, used 78858K [0x0000000080000000, 0x0000000100000000)
  region size 1024K, 2 young (2048K), 2 survivors (2048K)
 Metaspace       used 88132K, capacity 90256K, committed 90496K, reserved 1128448K
  class space    used 11254K, capacity 12062K, committed 12160K, reserved 1048576K
}

Deoptimization events (20 events):
Event: 71.566 Thread 0x00000266e85f9800 DEOPT PACKING pc=0x00000266d8671410 sp=0x000000a3715fa480
Event: 71.566 Thread 0x00000266e85f9800 DEOPT UNPACKING pc=0x00000266d069a1af sp=0x000000a3715fa420 mode 2
Event: 71.614 Thread 0x00000266e85f9800 Uncommon trap: trap_request=0xffffffc6 fr.pc=0x00000266d860d7a8 relative=0x0000000000000748
Event: 71.614 Thread 0x00000266e85f9800 Uncommon trap: reason=bimorphic_or_optimized_type_check action=maybe_recompile pc=0x00000266d860d7a8 method=org.gradle.internal.operations.DefaultBuildOperationListenerManager$ProgressShieldingBuildOperationListener.finished(Lorg/gradle/internal/operation
Event: 71.614 Thread 0x00000266e85f9800 DEOPT PACKING pc=0x00000266d860d7a8 sp=0x000000a3715fa540
Event: 71.614 Thread 0x00000266e85f9800 DEOPT UNPACKING pc=0x00000266d069a1af sp=0x000000a3715fa508 mode 2
Event: 71.617 Thread 0x00000266e85f9800 Uncommon trap: trap_request=0xffffffc6 fr.pc=0x00000266d860d7a8 relative=0x0000000000000748
Event: 71.617 Thread 0x00000266e85f9800 Uncommon trap: reason=bimorphic_or_optimized_type_check action=maybe_recompile pc=0x00000266d860d7a8 method=org.gradle.internal.operations.DefaultBuildOperationListenerManager$ProgressShieldingBuildOperationListener.finished(Lorg/gradle/internal/operation
Event: 71.617 Thread 0x00000266e85f9800 DEOPT PACKING pc=0x00000266d860d7a8 sp=0x000000a3715f9820
Event: 71.617 Thread 0x00000266e85f9800 DEOPT UNPACKING pc=0x00000266d069a1af sp=0x000000a3715f97e8 mode 2
Event: 71.617 Thread 0x00000266e85f9800 Uncommon trap: trap_request=0xffffffc6 fr.pc=0x00000266d860d7a8 relative=0x0000000000000748
Event: 71.617 Thread 0x00000266e85f9800 Uncommon trap: reason=bimorphic_or_optimized_type_check action=maybe_recompile pc=0x00000266d860d7a8 method=org.gradle.internal.operations.DefaultBuildOperationListenerManager$ProgressShieldingBuildOperationListener.finished(Lorg/gradle/internal/operation
Event: 71.617 Thread 0x00000266e85f9800 DEOPT PACKING pc=0x00000266d860d7a8 sp=0x000000a3715fad40
Event: 71.617 Thread 0x00000266e85f9800 DEOPT UNPACKING pc=0x00000266d069a1af sp=0x000000a3715fad08 mode 2
Event: 71.703 Thread 0x00000266e85f9800 DEOPT PACKING pc=0x00000266d1190616 sp=0x000000a3715f9cb0
Event: 71.703 Thread 0x00000266e85f9800 DEOPT UNPACKING pc=0x00000266d069a95e sp=0x000000a3715f91c8 mode 0
Event: 71.893 Thread 0x00000266e85f9800 Uncommon trap: trap_request=0xffffffde fr.pc=0x00000266d8627e9c relative=0x00000000000003dc
Event: 71.893 Thread 0x00000266e85f9800 Uncommon trap: reason=class_check action=maybe_recompile pc=0x00000266d8627e9c method=org.gradle.cache.internal.LockOnDemandCrossProcessCacheAccess.incrementLockCount()V @ 97 c2
Event: 71.893 Thread 0x00000266e85f9800 DEOPT PACKING pc=0x00000266d8627e9c sp=0x000000a3715f7430
Event: 71.893 Thread 0x00000266e85f9800 DEOPT UNPACKING pc=0x00000266d069a1af sp=0x000000a3715f73e0 mode 2

Classes redefined (0 events):
No events

Internal exceptions (20 events):
Event: 18.784 Thread 0x00000266efc75800 Exception <a 'java/lang/NoSuchMethodError'{0x0000000086b09fa0}: 'int java.lang.invoke.DirectMethodHandle$Holder.invokeStaticInit(java.lang.Object, java.lang.Object, java.lang.Object, java.lang.Object, java.lang.Object)'> (0x0000000086b09fa0) thrown at [./src/hotspot/share/interpreter/linkResolver.cpp, line 773]
Event: 19.567 Thread 0x00000266e8a0b800 Exception <a 'java/lang/NoSuchMethodError'{0x00000000864485a0}: 'void java.lang.invoke.DirectMethodHandle$Holder.invokeStatic(java.lang.Object, java.lang.Object, java.lang.Object, java.lang.Object, int, java.lang.Object, java.lang.Object)'> (0x00000000864485a0) thrown at [./src/hotspot/share/interpreter/linkResolver.cpp, line 773]
Event: 19.680 Thread 0x00000266ebf28000 Exception <a 'java/lang/NoSuchMethodError'{0x000000008626f668}: 'java.lang.Object java.lang.invoke.DirectMethodHandle$Holder.invokeSpecialIFC(java.lang.Object, java.lang.Object, java.lang.Object)'> (0x000000008626f668) thrown at [./src/hotspot/share/interpreter/linkResolver.cpp, line 773]
Event: 19.680 Thread 0x00000266e8a0b800 Exception <a 'java/lang/NoSuchMethodError'{0x0000000086276910}: 'java.lang.Object java.lang.invoke.DirectMethodHandle$Holder.invokeSpecialIFC(java.lang.Object, java.lang.Object, java.lang.Object)'> (0x0000000086276910) thrown at [./src/hotspot/share/interpreter/linkResolver.cpp, line 773]
Event: 21.467 Thread 0x00000266ebf21800 Implicit null exception at 0x00000266d859e57c to 0x00000266d859ed68
Event: 21.681 Thread 0x00000266ed949800 Implicit null exception at 0x00000266d85b30c0 to 0x00000266d85b3740
Event: 21.681 Thread 0x00000266ea27f000 Implicit null exception at 0x00000266d85b30c0 to 0x00000266d85b3740
Event: 22.278 Thread 0x00000266e8a0b800 Exception <a 'java/lang/NoSuchMethodError'{0x00000000864c3568}: <clinit>> (0x00000000864c3568) thrown at [./src/hotspot/share/prims/jni.cpp, line 1365]
Event: 22.279 Thread 0x00000266e8a0b800 Exception <a 'java/lang/NoSuchMethodError'{0x00000000864c4b70}: <clinit>> (0x00000000864c4b70) thrown at [./src/hotspot/share/prims/jni.cpp, line 1365]
Event: 22.279 Thread 0x00000266e8a0b800 Exception <a 'java/lang/NoSuchMethodError'{0x00000000864c7770}: <clinit>> (0x00000000864c7770) thrown at [./src/hotspot/share/prims/jni.cpp, line 1365]
Event: 22.281 Thread 0x00000266e8a0b800 Exception <a 'java/lang/NoSuchMethodError'{0x00000000864dfce0}: <clinit>> (0x00000000864dfce0) thrown at [./src/hotspot/share/prims/jni.cpp, line 1365]
Event: 22.282 Thread 0x00000266e8a0b800 Exception <a 'java/lang/NoSuchMethodError'{0x00000000864e0f18}: <clinit>> (0x00000000864e0f18) thrown at [./src/hotspot/share/prims/jni.cpp, line 1365]
Event: 23.103 Thread 0x00000266ea27e800 Exception <a 'java/lang/NoSuchMethodError'{0x000000008709da60}: 'void java.lang.invoke.DirectMethodHandle$Holder.invokeVirtual(java.lang.Object, java.lang.Object)'> (0x000000008709da60) thrown at [./src/hotspot/share/interpreter/linkResolver.cpp, line 773]
Event: 23.344 Thread 0x00000266e8a0b800 Exception <a 'java/lang/NoSuchMethodError'{0x0000000086bc22e0}: 'int java.lang.invoke.DirectMethodHandle$Holder.invokeSpecial(java.lang.Object, java.lang.Object, java.lang.Object, java.lang.Object, java.lang.Object)'> (0x0000000086bc22e0) thrown at [./src/hotspot/share/interpreter/linkResolver.cpp, line 773]
Event: 26.487 Thread 0x00000266efc74000 Exception <a 'sun/nio/fs/WindowsException'{0x0000000086dc84e0}> (0x0000000086dc84e0) thrown at [./src/hotspot/share/prims/jni.cpp, line 615]
Event: 26.563 Thread 0x00000266e85f9800 Exception <a 'sun/nio/fs/WindowsException'{0x0000000086ccd028}> (0x0000000086ccd028) thrown at [./src/hotspot/share/prims/jni.cpp, line 615]
Event: 26.563 Thread 0x00000266e85f9800 Exception <a 'sun/nio/fs/WindowsException'{0x0000000086ccd198}> (0x0000000086ccd198) thrown at [./src/hotspot/share/prims/jni.cpp, line 615]
Event: 26.563 Thread 0x00000266e85f9800 Exception <a 'sun/nio/fs/WindowsException'{0x0000000086cceb48}> (0x0000000086cceb48) thrown at [./src/hotspot/share/prims/jni.cpp, line 615]
Event: 33.887 Thread 0x00000266e8e41000 Implicit null exception at 0x00000266d815e8f4 to 0x00000266d815ee80
Event: 33.895 Thread 0x00000266e8e41000 Implicit null exception at 0x00000266d846ab94 to 0x00000266d846b1e4

Events (20 events):
Event: 27.474 loading class com/google/wireless/android/play/playlog/proto/ClientAnalytics$LogEvent$1
Event: 27.474 loading class com/google/wireless/android/play/playlog/proto/ClientAnalytics$LogEvent$1 done
Event: 27.475 loading class com/google/wireless/android/play/playlog/proto/ClientAnalytics$LogEvent$Builder
Event: 27.475 loading class com/google/wireless/android/play/playlog/proto/ClientAnalytics$LogEvent$Builder done
Event: 27.498 loading class com/google/protobuf/ByteString$CodedBuilder
Event: 27.498 loading class com/google/protobuf/ByteString$CodedBuilder done
Event: 27.569 Thread 0x00000266efc74000 Thread exited: 0x00000266efc74000
Event: 70.916 Thread 0x00000266ed944800 Thread added: 0x00000266ed944800
Event: 70.965 Thread 0x00000266ed941000 Thread added: 0x00000266ed941000
Event: 71.049 Thread 0x00000266ed943800 Thread added: 0x00000266ed943800
Event: 71.076 Thread 0x00000266ed942000 Thread added: 0x00000266ed942000
Event: 71.085 Thread 0x00000266ed942800 Thread added: 0x00000266ed942800
Event: 71.374 Thread 0x00000266ed940800 Thread added: 0x00000266ed940800
Event: 71.422 loading class org/gradle/internal/watch/vfs/impl/WatchingVirtualFileSystem
Event: 71.422 loading class org/gradle/internal/watch/vfs/impl/WatchingVirtualFileSystem done
Event: 71.494 Thread 0x00000266ed93e800 Thread added: 0x00000266ed93e800
Event: 71.506 Thread 0x00000266ed945000 Thread added: 0x00000266ed945000
Event: 71.524 Thread 0x00000266ed93f800 Thread added: 0x00000266ed93f800
Event: 71.622 Thread 0x00000266ed949800 Thread added: 0x00000266ed949800
Event: 71.884 Thread 0x00000266ed94b800 Thread added: 0x00000266ed94b800


Dynamic libraries:
0x00007ff6e7ab0000 - 0x00007ff6e7aba000 	C:\Program Files\Android\Android Studio\jre\bin\java.exe
0x00007ff8869c0000 - 0x00007ff886bc9000 	C:\Windows\SYSTEM32\ntdll.dll
0x00007ff8849f0000 - 0x00007ff884aad000 	C:\Windows\System32\KERNEL32.DLL
0x00007ff883ec0000 - 0x00007ff88423b000 	C:\Windows\System32\KERNELBASE.dll
0x00007ff884660000 - 0x00007ff884771000 	C:\Windows\System32\ucrtbase.dll
0x00007ff85fc60000 - 0x00007ff85fc77000 	C:\Program Files\Android\Android Studio\jre\bin\VCRUNTIME140.dll
0x00007ff8620a0000 - 0x00007ff8620b9000 	C:\Program Files\Android\Android Studio\jre\bin\jli.dll
0x00007ff884840000 - 0x00007ff8849ed000 	C:\Windows\System32\USER32.dll
0x00007ff883e90000 - 0x00007ff883eb6000 	C:\Windows\System32\win32u.dll
0x00007ff885850000 - 0x00007ff885879000 	C:\Windows\System32\GDI32.dll
0x00007ff884360000 - 0x00007ff884478000 	C:\Windows\System32\gdi32full.dll
0x00007ff884240000 - 0x00007ff8842dd000 	C:\Windows\System32\msvcp_win.dll
0x00007ff867040000 - 0x00007ff8672e5000 	C:\Windows\WinSxS\amd64_microsoft.windows.common-controls_6595b64144ccf1df_6.0.22000.120_none_9d947278b86cc467\COMCTL32.dll
0x00007ff886640000 - 0x00007ff8866e3000 	C:\Windows\System32\msvcrt.dll
0x00007ff8860a0000 - 0x00007ff8860d1000 	C:\Windows\System32\IMM32.DLL
0x00007ff844220000 - 0x00007ff8442bd000 	C:\Program Files\Android\Android Studio\jre\bin\msvcp140.dll
0x00007fffef6d0000 - 0x00007ffff01b5000 	C:\Program Files\Android\Android Studio\jre\bin\server\jvm.dll
0x00007ff884e00000 - 0x00007ff884eae000 	C:\Windows\System32\ADVAPI32.dll
0x00007ff885340000 - 0x00007ff8853de000 	C:\Windows\System32\sechost.dll
0x00007ff886770000 - 0x00007ff886890000 	C:\Windows\System32\RPCRT4.dll
0x00007ff886760000 - 0x00007ff886768000 	C:\Windows\System32\PSAPI.DLL
0x00007ff87d6b0000 - 0x00007ff87d6e3000 	C:\Windows\SYSTEM32\WINMM.dll
0x00007ff87c0e0000 - 0x00007ff87c0ea000 	C:\Windows\SYSTEM32\VERSION.dll
0x00007ff858250000 - 0x00007ff858259000 	C:\Windows\SYSTEM32\WSOCK32.dll
0x00007ff884d00000 - 0x00007ff884d6f000 	C:\Windows\System32\WS2_32.dll
0x00007ff882f10000 - 0x00007ff882f28000 	C:\Windows\SYSTEM32\kernel.appcore.dll
0x00007ff87f2f0000 - 0x00007ff87f301000 	C:\Program Files\Android\Android Studio\jre\bin\verify.dll
0x00007ff881810000 - 0x00007ff881a31000 	C:\Windows\SYSTEM32\DBGHELP.DLL
0x00007ff86c590000 - 0x00007ff86c5c1000 	C:\Windows\SYSTEM32\dbgcore.DLL
0x00007ff8842e0000 - 0x00007ff88435f000 	C:\Windows\System32\bcryptPrimitives.dll
0x00007ff87f2a0000 - 0x00007ff87f2c9000 	C:\Program Files\Android\Android Studio\jre\bin\java.dll
0x00007ff880130000 - 0x00007ff88013b000 	C:\Program Files\Android\Android Studio\jre\bin\jimage.dll
0x00007ff87f280000 - 0x00007ff87f298000 	C:\Program Files\Android\Android Studio\jre\bin\zip.dll
0x00007ff885880000 - 0x00007ff886038000 	C:\Windows\System32\SHELL32.dll
0x00007ff881f80000 - 0x00007ff8827e5000 	C:\Windows\SYSTEM32\windows.storage.dll
0x00007ff884fa0000 - 0x00007ff885317000 	C:\Windows\System32\combase.dll
0x00007ff881e10000 - 0x00007ff881f76000 	C:\Windows\SYSTEM32\wintypes.dll
0x00007ff884eb0000 - 0x00007ff884f9a000 	C:\Windows\System32\SHCORE.dll
0x00007ff884ab0000 - 0x00007ff884b0d000 	C:\Windows\System32\shlwapi.dll
0x00007ff883dc0000 - 0x00007ff883de1000 	C:\Windows\SYSTEM32\profapi.dll
0x00007ff87f260000 - 0x00007ff87f27a000 	C:\Program Files\Android\Android Studio\jre\bin\net.dll
0x00007ff87d370000 - 0x00007ff87d47c000 	C:\Windows\SYSTEM32\WINHTTP.dll
0x00007ff8833b0000 - 0x00007ff883417000 	C:\Windows\system32\mswsock.dll
0x00007ff87f240000 - 0x00007ff87f254000 	C:\Program Files\Android\Android Studio\jre\bin\nio.dll
0x00007ff863c70000 - 0x00007ff863c97000 	C:\Users\ofici\.gradle\native\e1d6ef7f7dcc3fd88c89a11ec53ec762bb8ba0a96d01ffa2cd45eb1d1d8dd5c5\windows-amd64\native-platform.dll
0x00007ff80b340000 - 0x00007ff80b484000 	C:\Users\ofici\.gradle\native\5664cfc778a61ccfe75a443a1ab52a65af34e5dc3c78e0209fed803814484fcb\windows-amd64\native-platform-file-events.dll
0x00007ff8800e0000 - 0x00007ff8800ea000 	C:\Program Files\Android\Android Studio\jre\bin\management.dll
0x00007ff87f200000 - 0x00007ff87f20d000 	C:\Program Files\Android\Android Studio\jre\bin\management_ext.dll
0x00007ff883600000 - 0x00007ff883618000 	C:\Windows\SYSTEM32\CRYPTSP.dll
0x00007ff882e70000 - 0x00007ff882ea5000 	C:\Windows\system32\rsaenh.dll
0x00007ff8834a0000 - 0x00007ff8834c9000 	C:\Windows\SYSTEM32\USERENV.dll
0x00007ff883780000 - 0x00007ff8837a7000 	C:\Windows\SYSTEM32\bcrypt.dll
0x00007ff8835f0000 - 0x00007ff8835fc000 	C:\Windows\SYSTEM32\CRYPTBASE.dll
0x00007ff882a40000 - 0x00007ff882a6d000 	C:\Windows\SYSTEM32\IPHLPAPI.DLL
0x00007ff886280000 - 0x00007ff886289000 	C:\Windows\System32\NSI.dll
0x00007ff87d800000 - 0x00007ff87d819000 	C:\Windows\SYSTEM32\dhcpcsvc6.DLL
0x00007ff87db20000 - 0x00007ff87db3e000 	C:\Windows\SYSTEM32\dhcpcsvc.DLL
0x00007ff882ab0000 - 0x00007ff882b98000 	C:\Windows\SYSTEM32\DNSAPI.dll

dbghelp: loaded successfully - version: 4.0.5 - missing functions: none
symbol engine: initialized successfully - sym options: 0x614 - pdb path: .;C:\Program Files\Android\Android Studio\jre\bin;C:\Windows\SYSTEM32;C:\Windows\WinSxS\amd64_microsoft.windows.common-controls_6595b64144ccf1df_6.0.22000.120_none_9d947278b86cc467;C:\Program Files\Android\Android Studio\jre\bin\server;C:\Users\ofici\.gradle\native\e1d6ef7f7dcc3fd88c89a11ec53ec762bb8ba0a96d01ffa2cd45eb1d1d8dd5c5\windows-amd64;C:\Users\ofici\.gradle\native\5664cfc778a61ccfe75a443a1ab52a65af34e5dc3c78e0209fed803814484fcb\windows-amd64

VM Arguments:
jvm_args: --add-opens=java.base/java.util=ALL-UNNAMED --add-opens=java.base/java.lang=ALL-UNNAMED --add-opens=java.base/java.lang.invoke=ALL-UNNAMED --add-opens=java.base/java.util=ALL-UNNAMED --add-opens=java.prefs/java.util.prefs=ALL-UNNAMED --add-opens=java.prefs/java.util.prefs=ALL-UNNAMED --add-opens=java.base/java.nio.charset=ALL-UNNAMED --add-opens=java.base/java.net=ALL-UNNAMED --add-opens=java.base/java.util.concurrent.atomic=ALL-UNNAMED -Xmx2048m -Dfile.encoding=UTF-8 -Duser.country=CO -Duser.language=es -Duser.variant 
java_command: org.gradle.launcher.daemon.bootstrap.GradleDaemon 7.3.3
java_class_path (initial): C:\Users\ofici\.gradle\wrapper\dists\gradle-7.3.3-bin\6a41zxkdtcxs8rphpq6y0069z\gradle-7.3.3\lib\gradle-launcher-7.3.3.jar
Launcher Type: SUN_STANDARD

[Global flags]
     intx CICompilerCount                          = 4                                         {product} {ergonomic}
     uint ConcGCThreads                            = 2                                         {product} {ergonomic}
     uint G1ConcRefinementThreads                  = 8                                         {product} {ergonomic}
   size_t G1HeapRegionSize                         = 1048576                                   {product} {ergonomic}
    uintx GCDrainStackTargetSize                   = 64                                        {product} {ergonomic}
   size_t InitialHeapSize                          = 98566144                                  {product} {ergonomic}
   size_t MarkStackSize                            = 4194304                                   {product} {ergonomic}
   size_t MaxHeapSize                              = 2147483648                                {product} {command line}
   size_t MaxNewSize                               = 1287651328                                {product} {ergonomic}
   size_t MinHeapDeltaBytes                        = 1048576                                   {product} {ergonomic}
    uintx NonNMethodCodeHeapSize                   = 5836300                                {pd product} {ergonomic}
    uintx NonProfiledCodeHeapSize                  = 122910970                              {pd product} {ergonomic}
    uintx ProfiledCodeHeapSize                     = 122910970                              {pd product} {ergonomic}
    uintx ReservedCodeCacheSize                    = 251658240                              {pd product} {ergonomic}
     bool SegmentedCodeCache                       = true                                      {product} {ergonomic}
     bool UseCompressedClassPointers               = true                                 {lp64_product} {ergonomic}
     bool UseCompressedOops                        = true                                 {lp64_product} {ergonomic}
     bool UseG1GC                                  = true                                      {product} {ergonomic}
     bool UseLargePagesIndividualAllocation        = false                                  {pd product} {ergonomic}

Logging:
Log output configuration:
 #0: stdout all=warning uptime,level,tags
 #1: stderr all=off uptime,level,tags

Environment Variables:
PATH=C:\Windows\system32;C:\Windows;C:\Windows\System32\Wbem;C:\Windows\System32\WindowsPowerShell\v1.0\;C:\Windows\System32\OpenSSH\;C:\Users\ofici\AppData\Local\Microsoft\WindowsApps
USERNAME=ofici
OS=Windows_NT
PROCESSOR_IDENTIFIER=AMD64 Family 23 Model 104 Stepping 1, AuthenticAMD



---------------  S Y S T E M  ---------------

OS: Windows 10 , 64 bit Build 22000 (10.0.22000.708)
OS uptime: 9 days 6:13 hours

CPU:total 8 (initial active 8) (8 cores per cpu, 2 threads per core) family 23 model 104 stepping 1 microcode 0x0, cmov, cx8, fxsr, mmx, sse, sse2, sse3, ssse3, sse4.1, sse4.2, popcnt, avx, avx2, aes, clmul, mmxext, 3dnowpref, lzcnt, sse4a, ht, tsc, tscinvbit, tscinv, bmi1, bmi2, adx, sha, fma

Memory: 4k page, system-wide physical 6005M (15M free)
TotalPageFile size 24437M (AvailPageFile size 10M)
current process WorkingSet (physical memory assigned to process): 124M, peak: 307M
current process commit charge ("private bytes"): 394M, peak: 403M

vm_info: OpenJDK 64-Bit Server VM (11.0.12+7-b1504.28-7817840) for windows-amd64 JRE (11.0.12+7-b1504.28-7817840), built on Oct 13 2021 22:12:33 by "builder" with MS VC++ 14.0 (VS2015)

END.
